[youtube:playlist] LLpVm7bg6pXKo1Pr6k5kxG9A: Downloading webpage
[download] Downloading playlist: Liked videos
[youtube:playlist] playlist Liked videos: Downloading 83 videos
[download] Downloading video 1 of 83
[youtube] ZsQ7Cbi5QWY: Downloading webpage
[youtube] ZsQ7Cbi5QWY: Downloading video info webpage
[youtube] ZsQ7Cbi5QWY: Extracting video information
[youtube] ZsQ7Cbi5QWY: Looking for automatic captions
[youtube] ZsQ7Cbi5QWY: Downloading MPD manifest
[info] Writing video subtitles to: Why Aren't Modern Animals As Large As Dinosaurs-ZsQ7Cbi5QWY.en.vtt
[download] Downloading video 2 of 83
[youtube] MwXtgNcdYVE: Downloading webpage
[youtube] MwXtgNcdYVE: Downloading video info webpage
[youtube] MwXtgNcdYVE: Extracting video information
[youtube] MwXtgNcdYVE: Looking for automatic captions
[youtube] MwXtgNcdYVE: Downloading MPD manifest
[info] Writing video subtitles to: Do Animals Dream Like Us-MwXtgNcdYVE.en.vtt
[download] Downloading video 3 of 83
[youtube] 4VlXGA1FnSk: Downloading webpage
[youtube] 4VlXGA1FnSk: Downloading video info webpage
[youtube] 4VlXGA1FnSk: Extracting video information
[youtube] 4VlXGA1FnSk: Looking for automatic captions
[youtube] 4VlXGA1FnSk: Downloading MPD manifest
[info] Writing video subtitles to: How Does Our Skin Turn Sunlight Into Vitamin D-4VlXGA1FnSk.en.vtt
[download] Downloading video 4 of 83
[youtube] LKe5FdKInJs: Downloading webpage
[youtube] LKe5FdKInJs: Downloading video info webpage
[youtube] LKe5FdKInJs: Extracting video information
[youtube] LKe5FdKInJs: Looking for automatic captions
[youtube] LKe5FdKInJs: Downloading MPD manifest
[info] Writing video subtitles to: President Obama Explains How Pollution Affects Our Planet-LKe5FdKInJs.en.vtt
[download] Downloading video 5 of 83
[youtube] ozgROE1xCM4: Downloading webpage
[youtube] ozgROE1xCM4: Downloading video info webpage
[youtube] ozgROE1xCM4: Extracting video information
[youtube] ozgROE1xCM4: Looking for automatic captions
[youtube] ozgROE1xCM4: Downloading MPD manifest
[info] Writing video subtitles to: The Crazy Plan to Capture and Store CO2 Under the Ocean-ozgROE1xCM4.en.vtt
[download] Downloading video 6 of 83
[youtube] gXr2y9_e8NA: Downloading webpage
[youtube] gXr2y9_e8NA: Downloading video info webpage
[youtube] gXr2y9_e8NA: Extracting video information
[youtube] gXr2y9_e8NA: Looking for automatic captions
[youtube] gXr2y9_e8NA: Downloading MPD manifest
[info] Writing video subtitles to: Why Fish Can Drink Salt Water And We Can’t-gXr2y9_e8NA.en.vtt
[download] Downloading video 7 of 83
[youtube] OX9m-_wSAIM: Downloading webpage
[youtube] OX9m-_wSAIM: Downloading video info webpage
[youtube] OX9m-_wSAIM: Extracting video information
[youtube] OX9m-_wSAIM: Looking for automatic captions
[youtube] OX9m-_wSAIM: Downloading MPD manifest
[info] Writing video subtitles to: Can Air Be A Water Source During A Drought-OX9m-_wSAIM.en.vtt
[download] Downloading video 8 of 83
[youtube] lp5AIhpbx4Y: Downloading webpage
[youtube] lp5AIhpbx4Y: Downloading video info webpage
[youtube] lp5AIhpbx4Y: Extracting video information
[youtube] lp5AIhpbx4Y: Looking for automatic captions
[youtube] lp5AIhpbx4Y: Downloading MPD manifest
[info] Writing video subtitles to: Why Do We Have Fingernails and Not Claws #AskDNews-lp5AIhpbx4Y.en.vtt
[download] Downloading video 9 of 83
[youtube] psgH06bkq-o: Downloading webpage
[youtube] psgH06bkq-o: Downloading video info webpage
[youtube] psgH06bkq-o: Extracting video information
[youtube] psgH06bkq-o: Looking for automatic captions
[youtube] psgH06bkq-o: Downloading MPD manifest
[info] Writing video subtitles to: Where Do Baby Planets Come From-psgH06bkq-o.en.vtt
[download] Downloading video 10 of 83
[youtube] uWNrDDyUR5s: Downloading webpage
[youtube] uWNrDDyUR5s: Downloading video info webpage
[youtube] uWNrDDyUR5s: Extracting video information
[youtube] uWNrDDyUR5s: Looking for automatic captions
[youtube] uWNrDDyUR5s: Downloading MPD manifest
[info] Writing video subtitles to: Why Do Dogs And Cats Eat Grass-uWNrDDyUR5s.en.vtt
[download] Downloading video 11 of 83
[youtube] EmLpKuRFCG8: Downloading webpage
[youtube] EmLpKuRFCG8: Downloading video info webpage
[youtube] EmLpKuRFCG8: Extracting video information
[youtube] EmLpKuRFCG8: Looking for automatic captions
[youtube] EmLpKuRFCG8: Downloading MPD manifest
[info] Writing video subtitles to: Why Can’t Some Birds Fly-EmLpKuRFCG8.en.vtt
[download] Downloading video 12 of 83
[youtube] A7yjdKgzt_Y: Downloading webpage
[youtube] A7yjdKgzt_Y: Downloading video info webpage
[youtube] A7yjdKgzt_Y: Extracting video information
[youtube] A7yjdKgzt_Y: Looking for automatic captions
[youtube] A7yjdKgzt_Y: Downloading MPD manifest
[info] Writing video subtitles to: Why Are Humans Slower Than Most Animals-A7yjdKgzt_Y.en.vtt
[download] Downloading video 13 of 83
[youtube] N5C6XqUIzkI: Downloading webpage
[youtube] N5C6XqUIzkI: Downloading video info webpage
[youtube] N5C6XqUIzkI: Extracting video information
[youtube] N5C6XqUIzkI: Looking for automatic captions
[youtube] N5C6XqUIzkI: Downloading MPD manifest
[info] Writing video subtitles to: Do Women Really Handle Pain Better Than Men-N5C6XqUIzkI.en.vtt
[download] Downloading video 14 of 83
[youtube] 3P7yRX92YcY: Downloading webpage
[youtube] 3P7yRX92YcY: Downloading video info webpage
[youtube] 3P7yRX92YcY: Extracting video information
[youtube] 3P7yRX92YcY: Looking for automatic captions
[youtube] 3P7yRX92YcY: Downloading MPD manifest
[info] Writing video subtitles to: Why Are The Biggest Animals on Earth Vegetarian-3P7yRX92YcY.en.vtt
[download] Downloading video 15 of 83
[youtube] YEp8qesTVg0: Downloading webpage
[youtube] YEp8qesTVg0: Downloading video info webpage
[youtube] YEp8qesTVg0: Extracting video information
[youtube] YEp8qesTVg0: Looking for automatic captions
[youtube] YEp8qesTVg0: Downloading MPD manifest
[info] Writing video subtitles to: What Really Happened On Easter Island-YEp8qesTVg0.en.vtt
[download] Downloading video 16 of 83
[youtube] -hRbq1wJS_U: Downloading webpage
[youtube] -hRbq1wJS_U: Downloading video info webpage
[youtube] -hRbq1wJS_U: Extracting video information
[youtube] -hRbq1wJS_U: Looking for automatic captions
[youtube] -hRbq1wJS_U: Downloading MPD manifest
[info] Writing video subtitles to: Why Did Our Hair Evolve To Grow In Odd Places #AskDNews--hRbq1wJS_U.en.vtt
[download] Downloading video 17 of 83
[youtube] hybKC1wjdJQ: Downloading webpage
[youtube] hybKC1wjdJQ: Downloading video info webpage
[youtube] hybKC1wjdJQ: Extracting video information
[youtube] hybKC1wjdJQ: Looking for automatic captions
[youtube] hybKC1wjdJQ: Downloading MPD manifest
[info] Writing video subtitles to: Who Will Win The Race To Mars-hybKC1wjdJQ.en.vtt
[download] Downloading video 18 of 83
[youtube] ceKpa5VL_MU: Downloading webpage
[youtube] ceKpa5VL_MU: Downloading video info webpage
[youtube] ceKpa5VL_MU: Extracting video information
[youtube] ceKpa5VL_MU: Looking for automatic captions
[youtube] ceKpa5VL_MU: Downloading MPD manifest
[info] Writing video subtitles to: Should You Let A Dog Lick Your Face-ceKpa5VL_MU.en.vtt
[download] Downloading video 19 of 83
[youtube] SMIR1mYRiw0: Downloading webpage
[youtube] SMIR1mYRiw0: Downloading video info webpage
[youtube] SMIR1mYRiw0: Extracting video information
[youtube] SMIR1mYRiw0: Looking for automatic captions
[youtube] SMIR1mYRiw0: Downloading MPD manifest
[info] Writing video subtitles to: How Close Are We To An Invisibility Cloak-SMIR1mYRiw0.en.vtt
[download] Downloading video 20 of 83
[youtube] u3VUOVnuEFE: Downloading webpage
[youtube] u3VUOVnuEFE: Downloading video info webpage
[youtube] u3VUOVnuEFE: Extracting video information
[youtube] u3VUOVnuEFE: Looking for automatic captions
[youtube] u3VUOVnuEFE: Downloading MPD manifest
[info] Writing video subtitles to: How Snakes Jump and Move Without Legs-u3VUOVnuEFE.en.vtt
[download] Downloading video 21 of 83
[youtube] 72AQsQ2v5cA: Downloading webpage
[youtube] 72AQsQ2v5cA: Downloading video info webpage
[youtube] 72AQsQ2v5cA: Extracting video information
[youtube] 72AQsQ2v5cA: Looking for automatic captions
[youtube] 72AQsQ2v5cA: Downloading MPD manifest
[info] Writing video subtitles to: Gravitational Waves Discovered! Here's What You Need To Know-72AQsQ2v5cA.en.vtt
[download] Downloading video 22 of 83
[youtube] QaYOGayEmFU: Downloading webpage
[youtube] QaYOGayEmFU: Downloading video info webpage
[youtube] QaYOGayEmFU: Extracting video information
[youtube] QaYOGayEmFU: Looking for automatic captions
[youtube] QaYOGayEmFU: Downloading MPD manifest
[info] Writing video subtitles to: What Can We Learn By Drilling Into The Earth's Mantle-QaYOGayEmFU.en.vtt
[download] Downloading video 23 of 83
[youtube] HZVFsvjGx70: Downloading webpage
[youtube] HZVFsvjGx70: Downloading video info webpage
[youtube] HZVFsvjGx70: Extracting video information
[youtube] HZVFsvjGx70: Looking for automatic captions
[youtube] HZVFsvjGx70: Downloading MPD manifest
[info] Writing video subtitles to: How Satellites Mapped The Whole Ocean Floor-HZVFsvjGx70.en.vtt
[download] Downloading video 24 of 83
[youtube] i2dTXB3O3dw: Downloading webpage
[youtube] i2dTXB3O3dw: Downloading video info webpage
[youtube] i2dTXB3O3dw: Extracting video information
[youtube] i2dTXB3O3dw: Looking for automatic captions
[youtube] i2dTXB3O3dw: Downloading MPD manifest
[info] Writing video subtitles to: How We Know The Earth Isn’t Flat-i2dTXB3O3dw.en.vtt
[download] Downloading video 25 of 83
[youtube] QVK2Tv209hU: Downloading webpage
[youtube] QVK2Tv209hU: Downloading video info webpage
[youtube] QVK2Tv209hU: Extracting video information
[youtube] QVK2Tv209hU: Looking for automatic captions
[youtube] QVK2Tv209hU: Downloading MPD manifest
[info] Writing video subtitles to: Did We Just Find The Ninth Planet-QVK2Tv209hU.en.vtt
[download] Downloading video 26 of 83
[youtube] mMwn5AaBBh0: Downloading webpage
[youtube] mMwn5AaBBh0: Downloading video info webpage
[youtube] mMwn5AaBBh0: Extracting video information
[youtube] mMwn5AaBBh0: Looking for automatic captions
[youtube] mMwn5AaBBh0: Downloading MPD manifest
[info] Writing video subtitles to: Where In The World Do People Live The Longest-mMwn5AaBBh0.en.vtt
[download] Downloading video 27 of 83
[youtube] ANh4NeEnxV4: Downloading webpage
[youtube] ANh4NeEnxV4: Downloading video info webpage
[youtube] ANh4NeEnxV4: Extracting video information
[youtube] ANh4NeEnxV4: Looking for automatic captions
[youtube] ANh4NeEnxV4: Downloading MPD manifest
[info] Writing video subtitles to: Why Are Mosquitoes So Good at Carrying Disease-ANh4NeEnxV4.en.vtt
[download] Downloading video 28 of 83
[youtube] zwfRXMkw1kI: Downloading webpage
[youtube] zwfRXMkw1kI: Downloading video info webpage
[youtube] zwfRXMkw1kI: Extracting video information
[youtube] zwfRXMkw1kI: Looking for automatic captions
[youtube] zwfRXMkw1kI: Downloading MPD manifest
[info] Writing video subtitles to: Was Our Asteroid Belt Once A Planet #AskDNews-zwfRXMkw1kI.en.vtt
[download] Downloading video 29 of 83
[youtube] P29EXskk9oU: Downloading webpage
[youtube] P29EXskk9oU: Downloading video info webpage
[youtube] P29EXskk9oU: Extracting video information
[youtube] P29EXskk9oU: Looking for automatic captions
[youtube] P29EXskk9oU: Downloading MPD manifest
[info] Writing video subtitles to: How Brain Waves Can Control Physical Objects-P29EXskk9oU.en.vtt
[download] Downloading video 30 of 83
[youtube] RiikBWDqmsQ: Downloading webpage
[youtube] RiikBWDqmsQ: Downloading video info webpage
[youtube] RiikBWDqmsQ: Extracting video information
[youtube] RiikBWDqmsQ: Looking for automatic captions
[youtube] RiikBWDqmsQ: Downloading MPD manifest
[info] Writing video subtitles to: What Did Dinosaurs Really Sound Like-RiikBWDqmsQ.en.vtt
[download] Downloading video 31 of 83
[youtube] qs_yhqSCsb8: Downloading webpage
[youtube] qs_yhqSCsb8: Downloading video info webpage
[youtube] qs_yhqSCsb8: Extracting video information
[youtube] qs_yhqSCsb8: Looking for automatic captions
[youtube] qs_yhqSCsb8: Downloading MPD manifest
[info] Writing video subtitles to: The Unexpected Things Winter Does To Your Body-qs_yhqSCsb8.en.vtt
[download] Downloading video 32 of 83
[youtube] -6Y-GAHPuCc: Downloading webpage
[youtube] -6Y-GAHPuCc: Downloading video info webpage
[youtube] -6Y-GAHPuCc: Extracting video information
[youtube] -6Y-GAHPuCc: Looking for automatic captions
[youtube] -6Y-GAHPuCc: Downloading MPD manifest
[info] Writing video subtitles to: Is Cannibalism A Natural Human Behavior--6Y-GAHPuCc.en.vtt
[download] Downloading video 33 of 83
[youtube] Q-PBU3wOw_0: Downloading webpage
[youtube] Q-PBU3wOw_0: Downloading video info webpage
[youtube] Q-PBU3wOw_0: Extracting video information
[youtube] Q-PBU3wOw_0: Looking for automatic captions
