[youtube:playlist] PLivjPDlt6ApTR_U5x3BbMpnfetAfBRWmx: Downloading webpage
[download] Downloading playlist: Wicked Tuna: Outer Banks | National Geographic
[youtube:playlist] playlist Wicked Tuna: Outer Banks | National Geographic: Downloading 64 videos
[download] Downloading video 1 of 64
[youtube] CP91qxEW__Y: Downloading webpage
[youtube] CP91qxEW__Y: Downloading video info webpage
[youtube] CP91qxEW__Y: Extracting video information
[youtube] CP91qxEW__Y: Looking for automatic captions
[youtube] CP91qxEW__Y: Downloading MPD manifest
[info] Writing video subtitles to: Fishing Tips - Survival Suit Test _ Wicked Tuna - Outer Banks-CP91qxEW__Y.en.vtt
[download] Downloading video 2 of 64
[youtube] QoOBpUDhh1w: Downloading webpage
[youtube] QoOBpUDhh1w: Downloading video info webpage
[youtube] QoOBpUDhh1w: Extracting video information
[youtube] QoOBpUDhh1w: Looking for automatic captions
[youtube] QoOBpUDhh1w: Downloading MPD manifest
[info] Writing video subtitles to: Fishing Tips - How to Rig a Squid _ Wicked Tuna - Outer Banks-QoOBpUDhh1w.en.vtt
[download] Downloading video 3 of 64
[youtube] NIZgfc1bYdE: Downloading webpage
[youtube] NIZgfc1bYdE: Downloading video info webpage
[youtube] NIZgfc1bYdE: Extracting video information
[youtube] NIZgfc1bYdE: Looking for automatic captions
[youtube] NIZgfc1bYdE: Downloading MPD manifest
[info] Writing video subtitles to: Boat Tour - Reel Action _ Wicked Tuna - Outer Banks-NIZgfc1bYdE.en.vtt
[download] Downloading video 4 of 64
[youtube] 73lkxIZWvJE: Downloading webpage
[youtube] 73lkxIZWvJE: Downloading video info webpage
[youtube] 73lkxIZWvJE: Extracting video information
[youtube] 73lkxIZWvJE: Looking for automatic captions
[youtube] 73lkxIZWvJE: Downloading MPD manifest
[info] Writing video subtitles to: Boat Tour - Reels of Fortune _ Wicked Tuna - Outer Banks-73lkxIZWvJE.en.vtt
[download] Downloading video 5 of 64
[youtube] vDZ2p7Mp2Cc: Downloading webpage
[youtube] vDZ2p7Mp2Cc: Downloading video info webpage
[youtube] vDZ2p7Mp2Cc: Extracting video information
[youtube] vDZ2p7Mp2Cc: Looking for automatic captions
[youtube] vDZ2p7Mp2Cc: Downloading MPD manifest
[info] Writing video subtitles to: Take It to the Bridge _ Wicked Tuna - Outer Banks-vDZ2p7Mp2Cc.en.vtt
[download] Downloading video 6 of 64
[youtube] I8u0n15fc4M: Downloading webpage
[youtube] I8u0n15fc4M: Downloading video info webpage
[youtube] I8u0n15fc4M: Extracting video information
[youtube] I8u0n15fc4M: Looking for automatic captions
[youtube] I8u0n15fc4M: Downloading MPD manifest
[info] Writing video subtitles to: Doggone It! _ Wicked Tuna - Outer Banks-I8u0n15fc4M.en.vtt
[download] Downloading video 7 of 64
[youtube] ZmwlsSkQpXo: Downloading webpage
[youtube] ZmwlsSkQpXo: Downloading video info webpage
[youtube] ZmwlsSkQpXo: Extracting video information
[youtube] ZmwlsSkQpXo: Looking for automatic captions
[youtube] ZmwlsSkQpXo: Downloading MPD manifest
[info] Writing video subtitles to: The Bad Luck Banana Boat _ Wicked Tuna - Outer Banks-ZmwlsSkQpXo.en.vtt
[download] Downloading video 8 of 64
[youtube] HPxXBuDeWkY: Downloading webpage
[youtube] HPxXBuDeWkY: Downloading video info webpage
[youtube] HPxXBuDeWkY: Extracting video information
[youtube] HPxXBuDeWkY: Looking for automatic captions
[youtube] HPxXBuDeWkY: Downloading MPD manifest
[info] Writing video subtitles to: Catch of the Week - First Strike _ Wicked Tuna - Outer Banks-HPxXBuDeWkY.en.vtt
[download] Downloading video 9 of 64
[youtube] 6d8ClDmk_V4: Downloading webpage
[youtube] 6d8ClDmk_V4: Downloading video info webpage
[youtube] 6d8ClDmk_V4: Extracting video information
[youtube] 6d8ClDmk_V4: Looking for automatic captions
[youtube] 6d8ClDmk_V4: Downloading MPD manifest
[info] Writing video subtitles to: Wicked Tuna - Outer Banks-6d8ClDmk_V4.en.vtt
[download] Downloading video 10 of 64
[youtube] x0_3HZNTfB8: Downloading webpage
[youtube] x0_3HZNTfB8: Downloading video info webpage
[youtube] x0_3HZNTfB8: Extracting video information
[youtube] x0_3HZNTfB8: Looking for automatic captions
[youtube] x0_3HZNTfB8: Downloading MPD manifest
[info] Writing video subtitles to: Meet the Reel Action Crew _ Wicked Tuna - Outer Banks-x0_3HZNTfB8.en.vtt
[download] Downloading video 11 of 64
[youtube] FdyGwx4eMEY: Downloading webpage
[youtube] FdyGwx4eMEY: Downloading video info webpage
[youtube] FdyGwx4eMEY: Extracting video information
[youtube] FdyGwx4eMEY: Looking for automatic captions
[youtube] FdyGwx4eMEY: Downloading MPD manifest
[info] Writing video subtitles to: Catch of the Week - Bombs Away _ Wicked Tuna - Outer Banks-FdyGwx4eMEY.en.vtt
[download] Downloading video 12 of 64
[youtube] LIrcqK52vwQ: Downloading webpage
[youtube] LIrcqK52vwQ: Downloading video info webpage
[youtube] LIrcqK52vwQ: Extracting video information
[youtube] LIrcqK52vwQ: Looking for automatic captions
[youtube] LIrcqK52vwQ: Downloading MPD manifest
[info] Writing video subtitles to: Catch of the Week - Fins of the Father _ Wicked Tuna - Outer Banks-LIrcqK52vwQ.en.vtt
[download] Downloading video 13 of 64
[youtube] -MWYPSzwCMk: Downloading webpage
[youtube] -MWYPSzwCMk: Downloading video info webpage
[youtube] -MWYPSzwCMk: Extracting video information
[youtube] -MWYPSzwCMk: Looking for automatic captions
[youtube] -MWYPSzwCMk: Downloading MPD manifest
[info] Writing video subtitles to: Reel Radio Banter _ Wicked Tuna - Outer Banks--MWYPSzwCMk.en.vtt
[download] Downloading video 14 of 64
[youtube] U7BkGllfc7g: Downloading webpage
[youtube] U7BkGllfc7g: Downloading video info webpage
[youtube] U7BkGllfc7g: Extracting video information
[youtube] U7BkGllfc7g: Looking for automatic captions
[youtube] U7BkGllfc7g: Downloading MPD manifest
[info] Writing video subtitles to: Billon Bares All _ Wicked Tuna - Outer Banks-U7BkGllfc7g.en.vtt
[download] Downloading video 15 of 64
[youtube] 8A6LU7642GU: Downloading webpage
[youtube] 8A6LU7642GU: Downloading video info webpage
[youtube] 8A6LU7642GU: Extracting video information
[youtube] 8A6LU7642GU: Looking for automatic captions
[youtube] 8A6LU7642GU: Downloading MPD manifest
[info] Writing video subtitles to: Rough Waters Ahead _ Wicked Tuna - Outer Banks-8A6LU7642GU.en.vtt
[download] Downloading video 16 of 64
[youtube] U9orYSUWWs8: Downloading webpage
[youtube] U9orYSUWWs8: Downloading video info webpage
[youtube] U9orYSUWWs8: Extracting video information
[youtube] U9orYSUWWs8: Looking for automatic captions
[youtube] U9orYSUWWs8: Downloading MPD manifest
[info] Writing video subtitles to: Reel Debt _ Wicked Tuna - Outer Banks-U9orYSUWWs8.en.vtt
[download] Downloading video 17 of 64
[youtube] hkB4ZLxyaYU: Downloading webpage
[youtube] hkB4ZLxyaYU: Downloading video info webpage
[youtube] hkB4ZLxyaYU: Extracting video information
[youtube] hkB4ZLxyaYU: Looking for automatic captions
[youtube] hkB4ZLxyaYU: Downloading MPD manifest
[info] Writing video subtitles to: Catch of the Week - Salty Gals and Southern Nights _ Wicked Tuna - Outer Banks-hkB4ZLxyaYU.en.vtt
[download] Downloading video 18 of 64
[youtube] biQziR0-TOc: Downloading webpage
[youtube] biQziR0-TOc: Downloading video info webpage
[youtube] biQziR0-TOc: Extracting video information
[youtube] biQziR0-TOc: Looking for automatic captions
[youtube] biQziR0-TOc: Downloading MPD manifest
[info] Writing video subtitles to: Fishing Tips - How to Mark an Overboard Waypoint _ Wicked Tuna - Outer Banks-biQziR0-TOc.en.vtt
[download] Downloading video 19 of 64
[youtube] bqzI-SkKNYA: Downloading webpage
[youtube] bqzI-SkKNYA: Downloading video info webpage
[youtube] bqzI-SkKNYA: Extracting video information
[youtube] bqzI-SkKNYA: Looking for automatic captions
