[youtube:playlist] PLivjPDlt6ApSoeUj8rxonSGLeYOAF6Tsp: Downloading webpage
[download] Downloading playlist: Vs. | National Geographic
[youtube:playlist] PLivjPDlt6ApSoeUj8rxonSGLeYOAF6Tsp: Downloading page #1
[youtube:playlist] playlist Vs. | National Geographic: Downloading 162 videos
[download] Downloading video 1 of 162
[youtube] Q39B-3VQJRQ: Downloading webpage
[youtube] Q39B-3VQJRQ: Downloading video info webpage
[youtube] Q39B-3VQJRQ: Extracting video information
[youtube] Q39B-3VQJRQ: Looking for automatic captions
[youtube] Q39B-3VQJRQ: Downloading MPD manifest
[info] Writing video subtitles to: Huge Stork vs. Lungfish _ National Geographic-Q39B-3VQJRQ.en.vtt
[download] Downloading video 2 of 162
[youtube] HEFJBvghpng: Downloading webpage
[youtube] HEFJBvghpng: Downloading video info webpage
[youtube] HEFJBvghpng: Extracting video information
[youtube] HEFJBvghpng: Looking for automatic captions
[youtube] HEFJBvghpng: Downloading MPD manifest
[info] Writing video subtitles to: Thrasher vs. King Snake _ National Geographic-HEFJBvghpng.en.vtt
[download] Downloading video 3 of 162
[youtube] mDLh3_gpOzo: Downloading webpage
[youtube] mDLh3_gpOzo: Downloading video info webpage
[youtube] mDLh3_gpOzo: Extracting video information
[youtube] mDLh3_gpOzo: Looking for automatic captions
[youtube] mDLh3_gpOzo: Downloading MPD manifest
[info] Writing video subtitles to: Catfish vs. Bat _ National Geographic-mDLh3_gpOzo.en.vtt
[download] Downloading video 4 of 162
[youtube] 6iroFKgekcI: Downloading webpage
[youtube] 6iroFKgekcI: Downloading video info webpage
[youtube] 6iroFKgekcI: Extracting video information
[youtube] 6iroFKgekcI: Looking for automatic captions
[youtube] 6iroFKgekcI: Downloading MPD manifest
[info] Writing video subtitles to: Bandicoot Rat vs. Croc and Python _ National Geographic-6iroFKgekcI.en.vtt
[download] Downloading video 5 of 162
[youtube] ahXPb1MMfEU: Downloading webpage
[youtube] ahXPb1MMfEU: Downloading video info webpage
[youtube] ahXPb1MMfEU: Extracting video information
[youtube] ahXPb1MMfEU: Looking for automatic captions
[youtube] ahXPb1MMfEU: Downloading MPD manifest
[info] Writing video subtitles to: Snake vs. Lizard _ National Geographic-ahXPb1MMfEU.en.vtt
[download] Downloading video 6 of 162
[youtube] wmsxdvyDrJc: Downloading webpage
[youtube] wmsxdvyDrJc: Downloading video info webpage
[youtube] wmsxdvyDrJc: Extracting video information
[youtube] wmsxdvyDrJc: Looking for automatic captions
[youtube] wmsxdvyDrJc: Downloading MPD manifest
[info] Writing video subtitles to: Fish vs. Turtle _ National Geographic-wmsxdvyDrJc.en.vtt
[download] Downloading video 7 of 162
[youtube] x8GpyWujPFI: Downloading webpage
[youtube] x8GpyWujPFI: Downloading video info webpage
[youtube] x8GpyWujPFI: Extracting video information
[youtube] x8GpyWujPFI: Looking for automatic captions
[youtube] x8GpyWujPFI: Downloading MPD manifest
[info] Writing video subtitles to: Lion Pride vs. Buffalo _ National Geographic-x8GpyWujPFI.en.vtt
[download] Downloading video 8 of 162
[youtube] fd0E1h5Yr-4: Downloading webpage
[youtube] fd0E1h5Yr-4: Downloading video info webpage
[youtube] fd0E1h5Yr-4: Extracting video information
[youtube] fd0E1h5Yr-4: Looking for automatic captions
[youtube] fd0E1h5Yr-4: Downloading MPD manifest
[info] Writing video subtitles to: Tiger Shark vs. Albatross _ National Geographic-fd0E1h5Yr-4.en.vtt
[download] Downloading video 9 of 162
[youtube] Mew3eK0Wuvk: Downloading webpage
[youtube] Mew3eK0Wuvk: Downloading video info webpage
[youtube] Mew3eK0Wuvk: Extracting video information
[youtube] Mew3eK0Wuvk: Looking for automatic captions
[youtube] Mew3eK0Wuvk: Downloading MPD manifest
[info] Writing video subtitles to: Bee vs. Jumping Spider _ National Geographic-Mew3eK0Wuvk.en.vtt
[download] Downloading video 10 of 162
[youtube] jaxZAPJDpnY: Downloading webpage
[youtube] jaxZAPJDpnY: Downloading video info webpage
[youtube] jaxZAPJDpnY: Extracting video information
[youtube] jaxZAPJDpnY: Looking for automatic captions
[youtube] jaxZAPJDpnY: Downloading MPD manifest
[info] Writing video subtitles to: Red-Tailed Hawk vs. Rattler _ National Geographic-jaxZAPJDpnY.en.vtt
[download] Downloading video 11 of 162
[youtube] WKDsULG_FPE: Downloading webpage
[youtube] WKDsULG_FPE: Downloading video info webpage
[youtube] WKDsULG_FPE: Extracting video information
[youtube] WKDsULG_FPE: Looking for automatic captions
[youtube] WKDsULG_FPE: Downloading MPD manifest
[info] Writing video subtitles to: Cannibal Scorpions vs. Shrew _ National Geographic-WKDsULG_FPE.en.vtt
[download] Downloading video 12 of 162
[youtube] _qCtD4gb6ZM: Downloading webpage
[youtube] _qCtD4gb6ZM: Downloading video info webpage
[youtube] _qCtD4gb6ZM: Extracting video information
[youtube] _qCtD4gb6ZM: Looking for automatic captions
[youtube] _qCtD4gb6ZM: Downloading MPD manifest
[info] Writing video subtitles to: Gaboon Adder vs. Rat _ National Geographic-_qCtD4gb6ZM.en.vtt
[download] Downloading video 13 of 162
[youtube] 4Ial4tUYZR0: Downloading webpage
[youtube] 4Ial4tUYZR0: Downloading video info webpage
[youtube] 4Ial4tUYZR0: Extracting video information
[youtube] 4Ial4tUYZR0: Looking for automatic captions
[youtube] 4Ial4tUYZR0: Downloading MPD manifest
[info] Writing video subtitles to: King Cobra vs. Saltwater Crocodile _ National Geographic-4Ial4tUYZR0.en.vtt
[download] Downloading video 14 of 162
[youtube] JfFrnzkZfmI: Downloading webpage
[youtube] JfFrnzkZfmI: Downloading video info webpage
[youtube] JfFrnzkZfmI: Extracting video information
[youtube] JfFrnzkZfmI: Looking for automatic captions
[youtube] JfFrnzkZfmI: Downloading MPD manifest
[info] Writing video subtitles to: Jackal vs. Ostrich Egg vs. Vulture _ National Geographic-JfFrnzkZfmI.en.vtt
[download] Downloading video 15 of 162
[youtube] GeF25GJleA8: Downloading webpage
[youtube] GeF25GJleA8: Downloading video info webpage
[youtube] GeF25GJleA8: Extracting video information
[youtube] GeF25GJleA8: Looking for automatic captions
[youtube] GeF25GJleA8: Downloading MPD manifest
[info] Writing video subtitles to: Grizzly Bears vs. Wolves in Yellowstone _ National Geographic-GeF25GJleA8.en.vtt
[download] Downloading video 16 of 162
[youtube] jow7qihesxg: Downloading webpage
[youtube] jow7qihesxg: Downloading video info webpage
[youtube] jow7qihesxg: Extracting video information
[youtube] jow7qihesxg: Looking for automatic captions
[youtube] jow7qihesxg: Downloading MPD manifest
[info] Writing video subtitles to: Angel Bees vs. Robber Bees _ National Geographic-jow7qihesxg.en.vtt
[download] Downloading video 17 of 162
[youtube] qB5B_vhonmg: Downloading webpage
[youtube] qB5B_vhonmg: Downloading video info webpage
[youtube] qB5B_vhonmg: Extracting video information
[youtube] qB5B_vhonmg: Looking for automatic captions
[youtube] qB5B_vhonmg: Downloading MPD manifest
[info] Writing video subtitles to: Sea Lion vs. Penguin _ National Geographic-qB5B_vhonmg.en.vtt
[download] Downloading video 18 of 162
[youtube] Cd8XuPBp9Jo: Downloading webpage
[youtube] Cd8XuPBp9Jo: Downloading video info webpage
[youtube] Cd8XuPBp9Jo: Extracting video information
[youtube] Cd8XuPBp9Jo: Looking for automatic captions
[youtube] Cd8XuPBp9Jo: Downloading MPD manifest
[info] Writing video subtitles to: Baby Owl vs. Hawk Moth _ National Geographic-Cd8XuPBp9Jo.en.vtt
[download] Downloading video 19 of 162
[youtube] F1or77Rf5VQ: Downloading webpage
[youtube] F1or77Rf5VQ: Downloading video info webpage
[youtube] F1or77Rf5VQ: Extracting video information
[youtube] F1or77Rf5VQ: Looking for automatic captions
[youtube] F1or77Rf5VQ: Downloading MPD manifest
[info] Writing video subtitles to: Assassin Bug vs. Vampire Bat _ National Geographic-F1or77Rf5VQ.en.vtt
[download] Downloading video 20 of 162
[youtube] e0desGES31g: Downloading webpage
[youtube] e0desGES31g: Downloading video info webpage
[youtube] e0desGES31g: Extracting video information
[youtube] e0desGES31g: Looking for automatic captions
[youtube] e0desGES31g: Downloading MPD manifest
[info] Writing video subtitles to: Cobra vs. Monitor Lizard _ National Geographic-e0desGES31g.en.vtt
[download] Downloading video 21 of 162
[youtube] e4uSPxre0B0: Downloading webpage
[youtube] e4uSPxre0B0: Downloading video info webpage
[youtube] e4uSPxre0B0: Extracting video information
[youtube] e4uSPxre0B0: Looking for automatic captions
[youtube] e4uSPxre0B0: Downloading MPD manifest
[info] Writing video subtitles to: Shrew vs. Snake _ National Geographic-e4uSPxre0B0.en.vtt
[download] Downloading video 22 of 162
[youtube] 7h-LBUk2Hgs: Downloading webpage
[youtube] 7h-LBUk2Hgs: Downloading video info webpage
[youtube] 7h-LBUk2Hgs: Extracting video information
[youtube] 7h-LBUk2Hgs: Looking for automatic captions
[youtube] 7h-LBUk2Hgs: Downloading MPD manifest
[info] Writing video subtitles to: Polar Bear vs. Ring Seal _ National Geographic-7h-LBUk2Hgs.en.vtt
[download] Downloading video 23 of 162
[youtube] TVYXwzN9kYM: Downloading webpage
[youtube] TVYXwzN9kYM: Downloading video info webpage
[youtube] TVYXwzN9kYM: Extracting video information
[youtube] TVYXwzN9kYM: Looking for automatic captions
[youtube] TVYXwzN9kYM: Downloading MPD manifest
[info] Writing video subtitles to: Mongooses vs. Giant Storks _ National Geographic-TVYXwzN9kYM.en.vtt
[download] Downloading video 24 of 162
[youtube] ijKMkwSeUQw: Downloading webpage
[youtube] ijKMkwSeUQw: Downloading video info webpage
[youtube] ijKMkwSeUQw: Extracting video information
[youtube] ijKMkwSeUQw: Looking for automatic captions
[youtube] ijKMkwSeUQw: Downloading MPD manifest
[info] Writing video subtitles to: Dingo vs. Kangaroo _ National Geographic-ijKMkwSeUQw.en.vtt
[download] Downloading video 25 of 162
[youtube] oL8FR4pj2KY: Downloading webpage
[youtube] oL8FR4pj2KY: Downloading video info webpage
[youtube] oL8FR4pj2KY: Extracting video information
[youtube] oL8FR4pj2KY: Looking for automatic captions
[youtube] oL8FR4pj2KY: Downloading MPD manifest
[info] Writing video subtitles to: Mouse vs. Boa _ National Geographic-oL8FR4pj2KY.en.vtt
[download] Downloading video 26 of 162
[youtube] YTGocCx9MF8: Downloading webpage
[youtube] YTGocCx9MF8: Downloading video info webpage
[youtube] YTGocCx9MF8: Extracting video information
[youtube] YTGocCx9MF8: Looking for automatic captions
[youtube] YTGocCx9MF8: Downloading MPD manifest
[info] Writing video subtitles to: Meerkats vs. Puff Adder _ National Geographic-YTGocCx9MF8.en.vtt
[download] Downloading video 27 of 162
[youtube] glMj-WWsJ8k: Downloading webpage
[youtube] glMj-WWsJ8k: Downloading video info webpage
[youtube] glMj-WWsJ8k: Extracting video information
[youtube] glMj-WWsJ8k: Looking for automatic captions
[youtube] glMj-WWsJ8k: Downloading MPD manifest
[info] Writing video subtitles to: Jaguar vs. Crocodile _ National Geographic-glMj-WWsJ8k.en.vtt
[download] Downloading video 28 of 162
[youtube] AOsmeOceOsg: Downloading webpage
[youtube] AOsmeOceOsg: Downloading video info webpage
[youtube] AOsmeOceOsg: Extracting video information
[youtube] AOsmeOceOsg: Looking for automatic captions
[youtube] AOsmeOceOsg: Downloading MPD manifest
[info] Writing video subtitles to: Centipede vs. Grasshopper Mouse _ National Geographic-AOsmeOceOsg.en.vtt
[download] Downloading video 29 of 162
[youtube] d6WW6K6FEO0: Downloading webpage
[youtube] d6WW6K6FEO0: Downloading video info webpage
[youtube] d6WW6K6FEO0: Extracting video information
[youtube] d6WW6K6FEO0: Looking for automatic captions
[youtube] d6WW6K6FEO0: Downloading MPD manifest
[info] Writing video subtitles to: Penguins vs. Pelicans _ National Geographic-d6WW6K6FEO0.en.vtt
[download] Downloading video 30 of 162
[youtube] uPAPExsSyF4: Downloading webpage
[youtube] uPAPExsSyF4: Downloading video info webpage
[youtube] uPAPExsSyF4: Extracting video information
[youtube] uPAPExsSyF4: Looking for automatic captions
[youtube] uPAPExsSyF4: Downloading MPD manifest
[info] Writing video subtitles to: Golden Eagle vs. Jackrabbits _ National Geographic-uPAPExsSyF4.en.vtt
[download] Downloading video 31 of 162
[youtube] mEYQdCNm9xA: Downloading webpage
[youtube] mEYQdCNm9xA: Downloading video info webpage
[youtube] mEYQdCNm9xA: Extracting video information
[youtube] mEYQdCNm9xA: Looking for automatic captions
[youtube] mEYQdCNm9xA: Downloading MPD manifest
[info] Writing video subtitles to: Musk Ox vs. Wolves _ National Geographic-mEYQdCNm9xA.en.vtt
[download] Downloading video 32 of 162
[youtube] t0ngGMjzn74: Downloading webpage
[youtube] t0ngGMjzn74: Downloading video info webpage
[youtube] t0ngGMjzn74: Extracting video information
[youtube] t0ngGMjzn74: Looking for automatic captions
[youtube] t0ngGMjzn74: Downloading MPD manifest
[info] Writing video subtitles to: Frogs vs. Fungus _ National Geographic-t0ngGMjzn74.en.vtt
[download] Downloading video 33 of 162
[youtube] 4aIIopjs_iw: Downloading webpage
[youtube] 4aIIopjs_iw: Downloading video info webpage
[youtube] 4aIIopjs_iw: Extracting video information
[youtube] 4aIIopjs_iw: Looking for automatic captions
[youtube] 4aIIopjs_iw: Downloading MPD manifest
[info] Writing video subtitles to: Boomslang vs. Chameleon _ National Geographic-4aIIopjs_iw.en.vtt
[download] Downloading video 34 of 162
[youtube] z9mVhyBT8hY: Downloading webpage
[youtube] z9mVhyBT8hY: Downloading video info webpage
[youtube] z9mVhyBT8hY: Extracting video information
[youtube] z9mVhyBT8hY: Looking for automatic captions
[youtube] z9mVhyBT8hY: Downloading MPD manifest
[info] Writing video subtitles to: Cheetahs vs. Gemsbok _ National Geographic-z9mVhyBT8hY.en.vtt
[download] Downloading video 35 of 162
[youtube] 764xqeDO3yk: Downloading webpage
[youtube] 764xqeDO3yk: Downloading video info webpage
[youtube] 764xqeDO3yk: Extracting video information
[youtube] 764xqeDO3yk: Looking for automatic captions
[youtube] 764xqeDO3yk: Downloading MPD manifest
[info] Writing video subtitles to: Gorilla vs. Gorilla _ National Geographic-764xqeDO3yk.en.vtt
[download] Downloading video 36 of 162
[youtube] MI-6jScwixk: Downloading webpage
[youtube] MI-6jScwixk: Downloading video info webpage
[youtube] MI-6jScwixk: Extracting video information
[youtube] MI-6jScwixk: Looking for automatic captions
[youtube] MI-6jScwixk: Downloading MPD manifest
[info] Writing video subtitles to: Octopus vs. Bird _ National Geographic-MI-6jScwixk.en.vtt
[download] Downloading video 37 of 162
[youtube] LDGTdUP1R3o: Downloading webpage
[youtube] LDGTdUP1R3o: Downloading video info webpage
[youtube] LDGTdUP1R3o: Extracting video information
[youtube] LDGTdUP1R3o: Looking for automatic captions
