[youtube:playlist] PLivjPDlt6ApRiBHpsyXWG22G8RPNZ6jlb: Downloading webpage
[download] Downloading playlist: Newest Clips | National Geographic
[youtube:playlist] PLivjPDlt6ApRiBHpsyXWG22G8RPNZ6jlb: Downloading page #1
[youtube:playlist] playlist Newest Clips | National Geographic: Downloading 120 videos
[download] Downloading video 1 of 120
[youtube] nZh3Oi7d0q0: Downloading webpage
[youtube] nZh3Oi7d0q0: Downloading video info webpage
[youtube] nZh3Oi7d0q0: Extracting video information
[youtube] nZh3Oi7d0q0: Looking for automatic captions
[youtube] nZh3Oi7d0q0: Downloading MPD manifest
[info] Writing video subtitles to: See an Apocalyptic World Envisioned in Miniature _ Short Film Showcase-nZh3Oi7d0q0.en.vtt
[download] Downloading video 2 of 120
[youtube] dDMuN6YOWFs: Downloading webpage
[youtube] dDMuN6YOWFs: Downloading video info webpage
[youtube] dDMuN6YOWFs: Extracting video information
[youtube] dDMuN6YOWFs: Looking for automatic captions
[youtube] dDMuN6YOWFs: Downloading MPD manifest
[info] Writing video subtitles to: One Man’s Walk in the Snow Creates a Giant Masterpiece _ Short Film Showcase-dDMuN6YOWFs.en.vtt
[download] Downloading video 3 of 120
[youtube] rZZdnZQsOxU: Downloading webpage
[youtube] rZZdnZQsOxU: Downloading video info webpage
[youtube] rZZdnZQsOxU: Extracting video information
[youtube] rZZdnZQsOxU: Looking for automatic captions
