[youtube:playlist] PLivjPDlt6ApStHBU9Z_5vB7dM_tT_QjyX: Downloading webpage
[download] Downloading playlist: Ingredients | National Geographic
[youtube:playlist] playlist Ingredients | National Geographic: Downloading 5 videos
[download] Downloading video 1 of 5
[youtube] NOaCqRvzMXQ: Downloading webpage
[youtube] NOaCqRvzMXQ: Downloading video info webpage
[youtube] NOaCqRvzMXQ: Extracting video information
[youtube] NOaCqRvzMXQ: Looking for automatic captions
[youtube] NOaCqRvzMXQ: Downloading MPD manifest
[info] Writing video subtitles to: Toothpaste _ Ingredients With George Zaidan (Episode 1)-NOaCqRvzMXQ.en.vtt
[download] Downloading video 2 of 5
[youtube] kfKrPGfwgkI: Downloading webpage
[youtube] kfKrPGfwgkI: Downloading video info webpage
[youtube] kfKrPGfwgkI: Extracting video information
[youtube] kfKrPGfwgkI: Looking for automatic captions
[youtube] kfKrPGfwgkI: Downloading MPD manifest
[info] Writing video subtitles to: Lipstick _ Ingredients With George Zaidan (Episode 2)-kfKrPGfwgkI.en.vtt
[download] Downloading video 3 of 5
[youtube] 4Te2i7R60F8: Downloading webpage
[youtube] 4Te2i7R60F8: Downloading video info webpage
[youtube] 4Te2i7R60F8: Extracting video information
[youtube] 4Te2i7R60F8: Looking for automatic captions
[youtube] 4Te2i7R60F8: Downloading MPD manifest
[info] Writing video subtitles to: Shaving Foam _ Ingredients With George Zaidan (Episode 3)-4Te2i7R60F8.en.vtt
[download] Downloading video 4 of 5
[youtube] cyVWm8LH1ns: Downloading webpage
[youtube] cyVWm8LH1ns: Downloading video info webpage
[youtube] cyVWm8LH1ns: Extracting video information
[youtube] cyVWm8LH1ns: Looking for automatic captions
[youtube] cyVWm8LH1ns: Downloading MPD manifest
[info] Writing video subtitles to: Nail Polish _ Ingredients With George Zaidan (Episode 4)-cyVWm8LH1ns.en.vtt
[download] Downloading video 5 of 5
[youtube] 7owImOuo7kw: Downloading webpage
[youtube] 7owImOuo7kw: Downloading video info webpage
[youtube] 7owImOuo7kw: Extracting video information
[youtube] 7owImOuo7kw: Looking for automatic captions
[youtube] 7owImOuo7kw: Downloading MPD manifest
[info] Writing video subtitles to: New Digital Series - Ingredients With George Zaidan (Trailer) _ National Geographic-7owImOuo7kw.en.vtt
[download] Finished downloading playlist: Ingredients | National Geographic
