[youtube:playlist] PLivjPDlt6ApRnSNK_H90ufThcTOtKxXyM: Downloading webpage
[download] Downloading playlist: Today I Learned | National Geographic
[youtube:playlist] playlist Today I Learned | National Geographic: Downloading 32 videos
[download] Downloading video 1 of 32
[youtube] twOZ8bmIRGA: Downloading webpage
[youtube] twOZ8bmIRGA: Downloading video info webpage
[youtube] twOZ8bmIRGA: Extracting video information
[youtube] twOZ8bmIRGA: Looking for automatic captions
[youtube] twOZ8bmIRGA: Downloading MPD manifest
[info] Writing video subtitles to: TIL - Lionfish Jewelry Can Help Save the Ocean _ Today I Learned-twOZ8bmIRGA.en.vtt
[download] Downloading video 2 of 32
[youtube] l-WXXAr2WNk: Downloading webpage
[youtube] l-WXXAr2WNk: Downloading video info webpage
[youtube] l-WXXAr2WNk: Extracting video information
[youtube] l-WXXAr2WNk: Looking for automatic captions
[youtube] l-WXXAr2WNk: Downloading MPD manifest
[info] Writing video subtitles to: TIL - The B in BASE Jump Doesn't Stand for Badass (Amazing Footage) _ Today I Learned-l-WXXAr2WNk.en.vtt
[download] Downloading video 3 of 32
[youtube] T-pV3jfdhvg: Downloading webpage
[youtube] T-pV3jfdhvg: Downloading video info webpage
[youtube] T-pV3jfdhvg: Extracting video information
[youtube] T-pV3jfdhvg: Looking for automatic captions
[youtube] T-pV3jfdhvg: Downloading MPD manifest
[info] Writing video subtitles to: TIL - Bees Could Help Save Elephants—By Scaring Them _ Today I Learned-T-pV3jfdhvg.en.vtt
[download] Downloading video 4 of 32
[youtube] MK52-AQK4mY: Downloading webpage
[youtube] MK52-AQK4mY: Downloading video info webpage
[youtube] MK52-AQK4mY: Extracting video information
[youtube] MK52-AQK4mY: Looking for automatic captions
[youtube] MK52-AQK4mY: Downloading MPD manifest
[info] Writing video subtitles to: TIL - Female Lions Synchronize Their “Periods” _ Today I Learned-MK52-AQK4mY.en.vtt
[download] Downloading video 5 of 32
[youtube] LblSZ2aHHGw: Downloading webpage
[youtube] LblSZ2aHHGw: Downloading video info webpage
[youtube] LblSZ2aHHGw: Extracting video information
[youtube] LblSZ2aHHGw: Looking for automatic captions
[youtube] LblSZ2aHHGw: Downloading MPD manifest
[info] Writing video subtitles to: TIL - Orangutans Build Comfy Nests to Sleep in _ Today I Learned-LblSZ2aHHGw.en.vtt
[download] Downloading video 6 of 32
[youtube] ZXT1G-cLYQ4: Downloading webpage
[youtube] ZXT1G-cLYQ4: Downloading video info webpage
[youtube] ZXT1G-cLYQ4: Extracting video information
[youtube] ZXT1G-cLYQ4: Looking for automatic captions
[youtube] ZXT1G-cLYQ4: Downloading MPD manifest
[info] Writing video subtitles to: TIL - A Venomous Animal May Save Your Life _ Today I Learned-ZXT1G-cLYQ4.en.vtt
[download] Downloading video 7 of 32
[youtube] osxBLVwX6FQ: Downloading webpage
[youtube] osxBLVwX6FQ: Downloading video info webpage
[youtube] osxBLVwX6FQ: Extracting video information
[youtube] osxBLVwX6FQ: Looking for automatic captions
[youtube] osxBLVwX6FQ: Downloading MPD manifest
[info] Writing video subtitles to: TIL - Cairo’s “Garbage People” Farm Their City's Trash _ Today I Learned-osxBLVwX6FQ.en.vtt
[download] Downloading video 8 of 32
[youtube] kbzwXq9A0Vw: Downloading webpage
[youtube] kbzwXq9A0Vw: Downloading video info webpage
[youtube] kbzwXq9A0Vw: Extracting video information
[youtube] kbzwXq9A0Vw: Looking for automatic captions
[youtube] kbzwXq9A0Vw: Downloading MPD manifest
[info] Writing video subtitles to: TIL - A Bumblebee's Buzz Is Basically a Superpower _ Today I Learned-kbzwXq9A0Vw.en.vtt
[download] Downloading video 9 of 32
[youtube] P53bq45bDqg: Downloading webpage
[youtube] P53bq45bDqg: Downloading video info webpage
[youtube] P53bq45bDqg: Extracting video information
[youtube] P53bq45bDqg: Looking for automatic captions
[youtube] P53bq45bDqg: Downloading MPD manifest
[info] Writing video subtitles to: TIL - You Can Smell Through Your Skin _ Today I Learned-P53bq45bDqg.en.vtt
[download] Downloading video 10 of 32
[youtube] -L9uov8InsM: Downloading webpage
[youtube] -L9uov8InsM: Downloading video info webpage
[youtube] -L9uov8InsM: Extracting video information
[youtube] -L9uov8InsM: Looking for automatic captions
[youtube] -L9uov8InsM: Downloading MPD manifest
[info] Writing video subtitles to: TIL - There's Probably a Raccoon Living on Every City Block in North America _ Today I Learned--L9uov8InsM.en.vtt
[download] Downloading video 11 of 32
[youtube] D0Lx2IsLblM: Downloading webpage
[youtube] D0Lx2IsLblM: Downloading video info webpage
[youtube] D0Lx2IsLblM: Extracting video information
[youtube] D0Lx2IsLblM: Looking for automatic captions
[youtube] D0Lx2IsLblM: Downloading MPD manifest
[info] Writing video subtitles to: TIL - Mount St. Helens Has a Baby Volcano Inside It _ Today I Learned-D0Lx2IsLblM.en.vtt
[download] Downloading video 12 of 32
[youtube] 9f_ztTlZV58: Downloading webpage
[youtube] 9f_ztTlZV58: Downloading video info webpage
[youtube] 9f_ztTlZV58: Extracting video information
[youtube] 9f_ztTlZV58: Looking for automatic captions
[youtube] 9f_ztTlZV58: Downloading MPD manifest
[info] Writing video subtitles to: TIL - Cicadas Can Damage Your Hearing _ Today I Learned-9f_ztTlZV58.en.vtt
[download] Downloading video 13 of 32
[youtube] NVAIZEikkak: Downloading webpage
[youtube] NVAIZEikkak: Downloading video info webpage
[youtube] NVAIZEikkak: Extracting video information
[youtube] NVAIZEikkak: Looking for automatic captions
[youtube] NVAIZEikkak: Downloading MPD manifest
[info] Writing video subtitles to: TIL - Why Do These Birds Eat Dirt _ Today I Learned-NVAIZEikkak.en.vtt
[download] Downloading video 14 of 32
[youtube] -ty5puoADMU: Downloading webpage
[youtube] -ty5puoADMU: Downloading video info webpage
[youtube] -ty5puoADMU: Extracting video information
[youtube] -ty5puoADMU: Looking for automatic captions
[youtube] -ty5puoADMU: Downloading MPD manifest
[info] Writing video subtitles to: TIL - 20% of Our Oxygen Comes From a Bacteria _ Today I Learned--ty5puoADMU.en.vtt
[download] Downloading video 15 of 32
[youtube] Ntw4WV2Ic6c: Downloading webpage
[youtube] Ntw4WV2Ic6c: Downloading video info webpage
[youtube] Ntw4WV2Ic6c: Extracting video information
[youtube] Ntw4WV2Ic6c: Looking for automatic captions
[youtube] Ntw4WV2Ic6c: Downloading MPD manifest
[info] Writing video subtitles to: TIL - Female Lions Are Attracted to Black Manes _ Today I Learned-Ntw4WV2Ic6c.en.vtt
[download] Downloading video 16 of 32
[youtube] qJJ1IVZE67k: Downloading webpage
[youtube] qJJ1IVZE67k: Downloading video info webpage
[youtube] qJJ1IVZE67k: Extracting video information
[youtube] qJJ1IVZE67k: Looking for automatic captions
[youtube] qJJ1IVZE67k: Downloading MPD manifest
[info] Writing video subtitles to: TIL - We Waste One-Third of Food Worldwide _ Today I Learned-qJJ1IVZE67k.en.vtt
[download] Downloading video 17 of 32
[youtube] 4SlWw3_90GI: Downloading webpage
[youtube] 4SlWw3_90GI: Downloading video info webpage
[youtube] 4SlWw3_90GI: Extracting video information
[youtube] 4SlWw3_90GI: Looking for automatic captions
[youtube] 4SlWw3_90GI: Downloading MPD manifest
[info] Writing video subtitles to: TIL - Dinosaurs May Have Danced Like Birds _ Today I Learned-4SlWw3_90GI.en.vtt
[download] Downloading video 18 of 32
[youtube] am6AfCcoE6Y: Downloading webpage
[youtube] am6AfCcoE6Y: Downloading video info webpage
[youtube] am6AfCcoE6Y: Extracting video information
[youtube] am6AfCcoE6Y: Looking for automatic captions
[youtube] am6AfCcoE6Y: Downloading MPD manifest
[info] Writing video subtitles to: TIL - Why Your Brain is Wrinkly _ Today I Learned-am6AfCcoE6Y.en.vtt
[download] Downloading video 19 of 32
[youtube] WU0270PKyOE: Downloading webpage
[youtube] WU0270PKyOE: Downloading video info webpage
[youtube] WU0270PKyOE: Extracting video information
[youtube] WU0270PKyOE: Looking for automatic captions
[youtube] WU0270PKyOE: Downloading MPD manifest
[info] Writing video subtitles to: TIL - This Wasp Turns Prey Into Zombies _ Today I Learned-WU0270PKyOE.en.vtt
[download] Downloading video 20 of 32
[youtube] VE9b0tG5Rtw: Downloading webpage
[youtube] VE9b0tG5Rtw: Downloading video info webpage
[youtube] VE9b0tG5Rtw: Extracting video information
[youtube] VE9b0tG5Rtw: Looking for automatic captions
[youtube] VE9b0tG5Rtw: Downloading MPD manifest
[info] Writing video subtitles to: TIL -  Archaeologists Are Coming for Your Trash _ Today I Learned-VE9b0tG5Rtw.en.vtt
[download] Downloading video 21 of 32
[youtube] RmcmtGn16ig: Downloading webpage
[youtube] RmcmtGn16ig: Downloading video info webpage
[youtube] RmcmtGn16ig: Extracting video information
[youtube] RmcmtGn16ig: Looking for automatic captions
[youtube] RmcmtGn16ig: Downloading MPD manifest
[info] Writing video subtitles to: TIL - You Might Be Related to Genghis Khan _ Today I Learned-RmcmtGn16ig.en.vtt
[download] Downloading video 22 of 32
[youtube] 1xVttpwEREs: Downloading webpage
[youtube] 1xVttpwEREs: Downloading video info webpage
[youtube] 1xVttpwEREs: Extracting video information
[youtube] 1xVttpwEREs: Looking for automatic captions
[youtube] 1xVttpwEREs: Downloading MPD manifest
[info] Writing video subtitles to: TIL - How Chameleons Change Color _ Today I Learned-1xVttpwEREs.en.vtt
[download] Downloading video 23 of 32
[youtube] 4lxNxoOv4Zk: Downloading webpage
[youtube] 4lxNxoOv4Zk: Downloading video info webpage
[youtube] 4lxNxoOv4Zk: Extracting video information
[youtube] 4lxNxoOv4Zk: Looking for automatic captions
[youtube] 4lxNxoOv4Zk: Downloading MPD manifest
[info] Writing video subtitles to: TIL - Vultures Have to Eat Animals Butt-First _ Today I Learned-4lxNxoOv4Zk.en.vtt
[download] Downloading video 24 of 32
[youtube] NfewxICTtQM: Downloading webpage
[youtube] NfewxICTtQM: Downloading video info webpage
[youtube] NfewxICTtQM: Extracting video information
[youtube] NfewxICTtQM: Looking for automatic captions
[youtube] NfewxICTtQM: Downloading MPD manifest
[info] Writing video subtitles to: TIL - We Have Lost 50% of Wildlife Since 1970 _ Today I Learned-NfewxICTtQM.en.vtt
[download] Downloading video 25 of 32
[youtube] ThJDdqgYpOg: Downloading webpage
[youtube] ThJDdqgYpOg: Downloading video info webpage
[youtube] ThJDdqgYpOg: Extracting video information
[youtube] ThJDdqgYpOg: Looking for automatic captions
[youtube] ThJDdqgYpOg: Downloading MPD manifest
[info] Writing video subtitles to: TIL - Some Sharks Can Glow In The Dark _ Today I Learned-ThJDdqgYpOg.en.vtt
[download] Downloading video 26 of 32
[youtube] G0g_K1vYJZU: Downloading webpage
[youtube] G0g_K1vYJZU: Downloading video info webpage
[youtube] G0g_K1vYJZU: Extracting video information
[youtube] G0g_K1vYJZU: Looking for automatic captions
[youtube] G0g_K1vYJZU: Downloading MPD manifest
[info] Writing video subtitles to: TIL - Nuclear Waste Could Power the World for 72 Years _ Today I Learned-G0g_K1vYJZU.en.vtt
[download] Downloading video 27 of 32
[youtube] xynFw9_3UwA: Downloading webpage
[youtube] xynFw9_3UwA: Downloading video info webpage
[youtube] xynFw9_3UwA: Extracting video information
[youtube] xynFw9_3UwA: Looking for automatic captions
[youtube] xynFw9_3UwA: Downloading MPD manifest
[info] Writing video subtitles to: TIL - These White Sand Beaches Aren’t What You Think _ Today I Learned-xynFw9_3UwA.en.vtt
[download] Downloading video 28 of 32
[youtube] SPF6cSan6tc: Downloading webpage
[youtube] SPF6cSan6tc: Downloading video info webpage
[youtube] SPF6cSan6tc: Extracting video information
[youtube] SPF6cSan6tc: Looking for automatic captions
[youtube] SPF6cSan6tc: Downloading MPD manifest
[info] Writing video subtitles to: TIL - Why Is the Ocean Salty _ Today I Learned-SPF6cSan6tc.en.vtt
[download] Downloading video 29 of 32
[youtube] RMkkYAf18Xk: Downloading webpage
[youtube] RMkkYAf18Xk: Downloading video info webpage
[youtube] RMkkYAf18Xk: Extracting video information
[youtube] RMkkYAf18Xk: Looking for automatic captions
[youtube] RMkkYAf18Xk: Downloading MPD manifest
[info] Writing video subtitles to: TIL - From Fleece Jackets to Your Food - The Scary Journey of Microplastics _ Today I Learned-RMkkYAf18Xk.en.vtt
[download] Downloading video 30 of 32
[youtube] r5w9w-RiYzw: Downloading webpage
[youtube] r5w9w-RiYzw: Downloading video info webpage
[youtube] r5w9w-RiYzw: Extracting video information
[youtube] r5w9w-RiYzw: Looking for automatic captions
[youtube] r5w9w-RiYzw: Downloading MPD manifest
[info] Writing video subtitles to: TIL - The World’s Largest Migration Isn’t What You Think _ Today I Learned-r5w9w-RiYzw.en.vtt
[download] Downloading video 31 of 32
[youtube] DMHcLWZjQXI: Downloading webpage
[youtube] DMHcLWZjQXI: Downloading video info webpage
[youtube] DMHcLWZjQXI: Extracting video information
[youtube] DMHcLWZjQXI: Looking for automatic captions
[youtube] DMHcLWZjQXI: Downloading MPD manifest
[info] Writing video subtitles to: TIL - If You Like Tequila, You Should Love Bats. Here’s Why. _ Today I Learned-DMHcLWZjQXI.en.vtt
[download] Downloading video 32 of 32
[youtube] gGW45QJt9xg: Downloading webpage
[youtube] gGW45QJt9xg: Downloading video info webpage
[youtube] gGW45QJt9xg: Extracting video information
[youtube] gGW45QJt9xg: Looking for automatic captions
[youtube] gGW45QJt9xg: Downloading MPD manifest
[info] Writing video subtitles to: TIL - That's No Moon. It's Aliens. (Maybe.) _ Today I Learned-gGW45QJt9xg.en.vtt
[download] Finished downloading playlist: Today I Learned | National Geographic
