[youtube:playlist] PLivjPDlt6ApSV6IhEzPW2w60mwFVtXgNR: Downloading webpage
[download] Downloading playlist: History & Culture | National Geographic
[youtube:playlist] playlist History & Culture | National Geographic: Downloading 85 videos
[download] Downloading video 1 of 85
[youtube] jK_mNO5h39U: Downloading webpage
[youtube] jK_mNO5h39U: Downloading video info webpage
[youtube] jK_mNO5h39U: Extracting video information
[youtube] jK_mNO5h39U: Looking for automatic captions
[youtube] jK_mNO5h39U: Downloading MPD manifest
[info] Writing video subtitles to: Cynthia Nixon on Playing Nancy Reagan _ Killing Reagan-jK_mNO5h39U.en.vtt
[download] Downloading video 2 of 85
[youtube] dDMuN6YOWFs: Downloading webpage
[youtube] dDMuN6YOWFs: Downloading video info webpage
[youtube] dDMuN6YOWFs: Extracting video information
[youtube] dDMuN6YOWFs: Looking for automatic captions
[youtube] dDMuN6YOWFs: Downloading MPD manifest
[info] Writing video subtitles to: One Man’s Walk in the Snow Creates a Giant Masterpiece _ Short Film Showcase-dDMuN6YOWFs.en.vtt
[download] Downloading video 3 of 85
[youtube] ndrr9eZyU1A: Downloading webpage
[youtube] ndrr9eZyU1A: Downloading video info webpage
[youtube] ndrr9eZyU1A: Extracting video information
[youtube] ndrr9eZyU1A: Looking for automatic captions
