[youtube:playlist] PLivjPDlt6ApTKIjO3cxylyHOsSLHpx4Hs: Downloading webpage
[download] Downloading playlist: Life Below Zero | National Geographic
[youtube:playlist] PLivjPDlt6ApTKIjO3cxylyHOsSLHpx4Hs: Downloading page #1
[youtube:playlist] playlist Life Below Zero | National Geographic: Downloading 115 videos
[download] Downloading video 1 of 115
[youtube] kf_CAqe7TVI: Downloading webpage
[youtube] kf_CAqe7TVI: Downloading video info webpage
[youtube] kf_CAqe7TVI: Extracting video information
[youtube] kf_CAqe7TVI: Looking for automatic captions
[youtube] kf_CAqe7TVI: Downloading MPD manifest
[info] Writing video subtitles to: Poor Visibility and Cold Fingers _ Life Below Zero-kf_CAqe7TVI.en.vtt
[download] Downloading video 2 of 115
[youtube] 938OGZQu25c: Downloading webpage
[youtube] 938OGZQu25c: Downloading video info webpage
[youtube] 938OGZQu25c: Extracting video information
[youtube] 938OGZQu25c: Looking for automatic captions
[youtube] 938OGZQu25c: Downloading MPD manifest
[info] Writing video subtitles to: One Step at a Time _ Life Below Zero-938OGZQu25c.en.vtt
[download] Downloading video 3 of 115
[youtube] zIJemjyKaTM: Downloading webpage
[youtube] zIJemjyKaTM: Downloading video info webpage
[youtube] zIJemjyKaTM: Extracting video information
[youtube] zIJemjyKaTM: Looking for automatic captions
[youtube] zIJemjyKaTM: Downloading MPD manifest
[info] Writing video subtitles to: Gettin' the Tent Up _ Life Below Zero-zIJemjyKaTM.en.vtt
[download] Downloading video 4 of 115
[youtube] MFV4KI-syhs: Downloading webpage
[youtube] MFV4KI-syhs: Downloading video info webpage
[youtube] MFV4KI-syhs: Extracting video information
[youtube] MFV4KI-syhs: Looking for automatic captions
[youtube] MFV4KI-syhs: Downloading MPD manifest
[info] Writing video subtitles to: Lean of the Tree _ Life Below Zero-MFV4KI-syhs.en.vtt
[download] Downloading video 5 of 115
[youtube] zg_-Rt9LkDg: Downloading webpage
[youtube] zg_-Rt9LkDg: Downloading video info webpage
[youtube] zg_-Rt9LkDg: Extracting video information
[youtube] zg_-Rt9LkDg: Looking for automatic captions
[youtube] zg_-Rt9LkDg: Downloading MPD manifest
[info] Writing video subtitles to: Marten Hat _ Life Below Zero-zg_-Rt9LkDg.en.vtt
[download] Downloading video 6 of 115
[youtube] qjHQB79FkGg: Downloading webpage
[youtube] qjHQB79FkGg: Downloading video info webpage
[youtube] qjHQB79FkGg: Extracting video information
[youtube] qjHQB79FkGg: Looking for automatic captions
[youtube] qjHQB79FkGg: Downloading MPD manifest
[info] Writing video subtitles to: Caribou Blanket _ Life Below Zero-qjHQB79FkGg.en.vtt
[download] Downloading video 7 of 115
[youtube] yXxRAVXMnWM: Downloading webpage
[youtube] yXxRAVXMnWM: Downloading video info webpage
[youtube] yXxRAVXMnWM: Extracting video information
[youtube] yXxRAVXMnWM: Looking for automatic captions
[youtube] yXxRAVXMnWM: Downloading MPD manifest
[info] Writing video subtitles to: Sue Makes Homemade Balm _ Life Below Zero-yXxRAVXMnWM.en.vtt
[download] Downloading video 8 of 115
[youtube] YS4hfukRKG4: Downloading webpage
[youtube] YS4hfukRKG4: Downloading video info webpage
[youtube] YS4hfukRKG4: Extracting video information
[youtube] YS4hfukRKG4: Looking for automatic captions
[youtube] YS4hfukRKG4: Downloading MPD manifest
[info] Writing video subtitles to: Chip Rescues Agnes _ Life Below Zero-YS4hfukRKG4.en.vtt
[download] Downloading video 9 of 115
[youtube] ss--TAUQgQg: Downloading webpage
[youtube] ss--TAUQgQg: Downloading video info webpage
[youtube] ss--TAUQgQg: Extracting video information
[youtube] ss--TAUQgQg: Looking for automatic captions
[youtube] ss--TAUQgQg: Downloading MPD manifest
[info] Writing video subtitles to: Glenn Gathers Firewood _ Life Below Zero-ss--TAUQgQg.en.vtt
[download] Downloading video 10 of 115
[youtube] 3pqRUu369fk: Downloading webpage
[youtube] 3pqRUu369fk: Downloading video info webpage
[youtube] 3pqRUu369fk: Extracting video information
[youtube] 3pqRUu369fk: Looking for automatic captions
[youtube] 3pqRUu369fk: Downloading MPD manifest
[info] Writing video subtitles to: Sue vs. Wolverine _ Life Below Zero-3pqRUu369fk.en.vtt
[download] Downloading video 11 of 115
[youtube] 6qxEKO9-mDU: Downloading webpage
[youtube] 6qxEKO9-mDU: Downloading video info webpage
[youtube] 6qxEKO9-mDU: Extracting video information
[youtube] 6qxEKO9-mDU: Looking for automatic captions
[youtube] 6qxEKO9-mDU: Downloading MPD manifest
[info] Writing video subtitles to: Doggie Bags _ Life Below Zero-6qxEKO9-mDU.en.vtt
[download] Downloading video 12 of 115
[youtube] TUPP_Z0_tFU: Downloading webpage
[youtube] TUPP_Z0_tFU: Downloading video info webpage
[youtube] TUPP_Z0_tFU: Extracting video information
[youtube] TUPP_Z0_tFU: Looking for automatic captions
[youtube] TUPP_Z0_tFU: Downloading MPD manifest
[info] Writing video subtitles to: Snowmobile Inspection _ Life Below Zero-TUPP_Z0_tFU.en.vtt
[download] Downloading video 13 of 115
[youtube] ofVJizI_4hQ: Downloading webpage
[youtube] ofVJizI_4hQ: Downloading video info webpage
[youtube] ofVJizI_4hQ: Extracting video information
[youtube] ofVJizI_4hQ: Looking for automatic captions
[youtube] ofVJizI_4hQ: Downloading MPD manifest
[info] Writing video subtitles to: Hunting Porcupine _ Life Below Zero-ofVJizI_4hQ.en.vtt
[download] Downloading video 14 of 115
[youtube] -yACOAd19_c: Downloading webpage
[youtube] -yACOAd19_c: Downloading video info webpage
[youtube] -yACOAd19_c: Extracting video information
[youtube] -yACOAd19_c: Looking for automatic captions
[youtube] -yACOAd19_c: Downloading MPD manifest
[info] Writing video subtitles to: Tastes a Little 'Sprucy' _ Life Below Zero--yACOAd19_c.en.vtt
[download] Downloading video 15 of 115
[youtube] D8kS9kO7kKQ: Downloading webpage
[youtube] D8kS9kO7kKQ: Downloading video info webpage
[youtube] D8kS9kO7kKQ: Extracting video information
[youtube] D8kS9kO7kKQ: Looking for automatic captions
[youtube] D8kS9kO7kKQ: Downloading MPD manifest
[info] Writing video subtitles to: Car Trouble - Deleted Scene _ Life Below Zero-D8kS9kO7kKQ.en.vtt
[download] Downloading video 16 of 115
[youtube] _DZq-J14s5s: Downloading webpage
[youtube] _DZq-J14s5s: Downloading video info webpage
[youtube] _DZq-J14s5s: Extracting video information
[youtube] _DZq-J14s5s: Looking for automatic captions
[youtube] _DZq-J14s5s: Downloading MPD manifest
[info] Writing video subtitles to: You Have to Protect Your House! _ Life Below Zero-_DZq-J14s5s.en.vtt
[download] Downloading video 17 of 115
[youtube] cSCX4TzaC04: Downloading webpage
[youtube] cSCX4TzaC04: Downloading video info webpage
[youtube] cSCX4TzaC04: Extracting video information
[youtube] cSCX4TzaC04: Looking for automatic captions
[youtube] cSCX4TzaC04: Downloading MPD manifest
[info] Writing video subtitles to: Moving Meat - Deleted Scene _ Life Below Zero-cSCX4TzaC04.en.vtt
[download] Downloading video 18 of 115
[youtube] 1tYplX5T6ac: Downloading webpage
[youtube] 1tYplX5T6ac: Downloading video info webpage
[youtube] 1tYplX5T6ac: Extracting video information
[youtube] 1tYplX5T6ac: Looking for automatic captions
[youtube] 1tYplX5T6ac: Downloading MPD manifest
[info] Writing video subtitles to: Unwanted Visitors- Deleted Scene _ Life Below Zero-1tYplX5T6ac.en.vtt
[download] Downloading video 19 of 115
[youtube] bFcrF0MHyt4: Downloading webpage
[youtube] bFcrF0MHyt4: Downloading video info webpage
[youtube] bFcrF0MHyt4: Extracting video information
[youtube] bFcrF0MHyt4: Looking for automatic captions
[youtube] bFcrF0MHyt4: Downloading MPD manifest
[info] Writing video subtitles to: Fuel Inspection _ Life Below Zero-bFcrF0MHyt4.en.vtt
[download] Downloading video 20 of 115
[youtube] u7VMPEz0E2A: Downloading webpage
[youtube] u7VMPEz0E2A: Downloading video info webpage
[youtube] u7VMPEz0E2A: Extracting video information
[youtube] u7VMPEz0E2A: Looking for automatic captions
