[youtube:playlist] PLivjPDlt6ApTGHGJAT1_VBkz1-WGjmskT: Downloading webpage
[download] Downloading playlist: Killing Reagan | National Geographic
[youtube:playlist] playlist Killing Reagan | National Geographic: Downloading 8 videos
[download] Downloading video 1 of 8
[youtube] a3vFZrU1AGQ: Downloading webpage
[youtube] a3vFZrU1AGQ: Downloading video info webpage
[youtube] a3vFZrU1AGQ: Extracting video information
[youtube] a3vFZrU1AGQ: Looking for automatic captions
[youtube] a3vFZrU1AGQ: Downloading MPD manifest
[info] Writing video subtitles to: Telling History - Behind the Scenes _ Killing Reagan-a3vFZrU1AGQ.en.vtt
[download] Downloading video 2 of 8
[youtube] jK_mNO5h39U: Downloading webpage
[youtube] jK_mNO5h39U: Downloading video info webpage
[youtube] jK_mNO5h39U: Extracting video information
[youtube] jK_mNO5h39U: Looking for automatic captions
[youtube] jK_mNO5h39U: Downloading MPD manifest
[info] Writing video subtitles to: Cynthia Nixon on Playing Nancy Reagan _ Killing Reagan-jK_mNO5h39U.en.vtt
[download] Downloading video 3 of 8
[youtube] a4ZCg9V-fOQ: Downloading webpage
[youtube] a4ZCg9V-fOQ: Downloading video info webpage
[youtube] a4ZCg9V-fOQ: Extracting video information
[youtube] a4ZCg9V-fOQ: Looking for automatic captions
