[youtube:playlist] PLivjPDlt6ApSFRIP7_b6L-wcSBjJQjf7J: Downloading webpage
[download] Downloading playlist: Live Free or Die | National Geographic
[youtube:playlist] playlist Live Free or Die | National Geographic: Downloading 78 videos
[download] Downloading video 1 of 78
[youtube] 3iT6RUG8Eqs: Downloading webpage
[youtube] 3iT6RUG8Eqs: Downloading video info webpage
[youtube] 3iT6RUG8Eqs: Extracting video information
[youtube] 3iT6RUG8Eqs: Looking for automatic captions
[youtube] 3iT6RUG8Eqs: Downloading MPD manifest
[info] Writing video subtitles to: Practice Makes Perfect _ Live Free or Die-3iT6RUG8Eqs.en.vtt
[download] Downloading video 2 of 78
[youtube] 1NynNqhepCM: Downloading webpage
[youtube] 1NynNqhepCM: Downloading video info webpage
[youtube] 1NynNqhepCM: Extracting video information
[youtube] 1NynNqhepCM: Looking for automatic captions
[youtube] 1NynNqhepCM: Downloading MPD manifest
[info] Writing video subtitles to: How to Make a Friction Fire _ Live Free or Die - DIY-1NynNqhepCM.en.vtt
[download] Downloading video 3 of 78
[youtube] 3XjfjxAnHmI: Downloading webpage
[youtube] 3XjfjxAnHmI: Downloading video info webpage
[youtube] 3XjfjxAnHmI: Extracting video information
[youtube] 3XjfjxAnHmI: Looking for automatic captions
[youtube] 3XjfjxAnHmI: Downloading MPD manifest
[info] Writing video subtitles to: A Steam Pit Celebration _ Live Free or Die-3XjfjxAnHmI.en.vtt
[download] Downloading video 4 of 78
[youtube] oE8V4OahSQw: Downloading webpage
[youtube] oE8V4OahSQw: Downloading video info webpage
[youtube] oE8V4OahSQw: Extracting video information
[youtube] oE8V4OahSQw: Looking for automatic captions
[youtube] oE8V4OahSQw: Downloading MPD manifest
[info] Writing video subtitles to: Making a Baby Chick Waterer _ Live Free or Die - How to Homestead-oE8V4OahSQw.en.vtt
[download] Downloading video 5 of 78
[youtube] TYGNr0ZFXEQ: Downloading webpage
[youtube] TYGNr0ZFXEQ: Downloading video info webpage
[youtube] TYGNr0ZFXEQ: Extracting video information
[youtube] TYGNr0ZFXEQ: Looking for automatic captions
[youtube] TYGNr0ZFXEQ: Downloading MPD manifest
[info] Writing video subtitles to: First-Time Sellers _ Live Free or Die-TYGNr0ZFXEQ.en.vtt
[download] Downloading video 6 of 78
[youtube] IwA9qgzY8Uc: Downloading webpage
[youtube] IwA9qgzY8Uc: Downloading video info webpage
[youtube] IwA9qgzY8Uc: Extracting video information
[youtube] IwA9qgzY8Uc: Looking for automatic captions
[youtube] IwA9qgzY8Uc: Downloading MPD manifest
[info] Writing video subtitles to: How to Build a Blind _ Live Free or Die - DIY-IwA9qgzY8Uc.en.vtt
[download] Downloading video 7 of 78
[youtube] dfpj9__9Tf4: Downloading webpage
[youtube] dfpj9__9Tf4: Downloading video info webpage
[youtube] dfpj9__9Tf4: Extracting video information
[youtube] dfpj9__9Tf4: Looking for automatic captions
[youtube] dfpj9__9Tf4: Downloading MPD manifest
[info] Writing video subtitles to: Making Backwoods Glue _ Live Free or Die-dfpj9__9Tf4.en.vtt
[download] Downloading video 8 of 78
[youtube] MW-yKniq_98: Downloading webpage
[youtube] MW-yKniq_98: Downloading video info webpage
[youtube] MW-yKniq_98: Extracting video information
[youtube] MW-yKniq_98: Looking for automatic captions
[youtube] MW-yKniq_98: Downloading MPD manifest
[info] Writing video subtitles to: Preparing for the Hunt _ Live Free or Die-MW-yKniq_98.en.vtt
[download] Downloading video 9 of 78
[youtube] bv8Fa8J4F0c: Downloading webpage
[youtube] bv8Fa8J4F0c: Downloading video info webpage
[youtube] bv8Fa8J4F0c: Extracting video information
[youtube] bv8Fa8J4F0c: Looking for automatic captions
[youtube] bv8Fa8J4F0c: Downloading MPD manifest
[info] Writing video subtitles to: Protecting Yourself From Poison Ivy _ Live Free or Die - How to Homestead-bv8Fa8J4F0c.en.vtt
[download] Downloading video 10 of 78
[youtube] JaBznA5oeZE: Downloading webpage
[youtube] JaBznA5oeZE: Downloading video info webpage
[youtube] JaBznA5oeZE: Extracting video information
[youtube] JaBznA5oeZE: Looking for automatic captions
[youtube] JaBznA5oeZE: Downloading MPD manifest
[info] Writing video subtitles to: Slash and Burn _ Live Free or Die-JaBznA5oeZE.en.vtt
[download] Downloading video 11 of 78
[youtube] mHD6wHxyV2M: Downloading webpage
[youtube] mHD6wHxyV2M: Downloading video info webpage
[youtube] mHD6wHxyV2M: Extracting video information
[youtube] mHD6wHxyV2M: Looking for automatic captions
[youtube] mHD6wHxyV2M: Downloading MPD manifest
[info] Writing video subtitles to: A Losing Battle _ Live Free or Die-mHD6wHxyV2M.en.vtt
[download] Downloading video 12 of 78
[youtube] XR-UO6Bi3cw: Downloading webpage
[youtube] XR-UO6Bi3cw: Downloading video info webpage
[youtube] XR-UO6Bi3cw: Extracting video information
[youtube] XR-UO6Bi3cw: Looking for automatic captions
[youtube] XR-UO6Bi3cw: Downloading MPD manifest
[info] Writing video subtitles to: Turning Gourds Into Storage _ Live Free or Die - How to Homestead-XR-UO6Bi3cw.en.vtt
[download] Downloading video 13 of 78
[youtube] sIWl9yAC6eI: Downloading webpage
[youtube] sIWl9yAC6eI: Downloading video info webpage
[youtube] sIWl9yAC6eI: Extracting video information
[youtube] sIWl9yAC6eI: Looking for automatic captions
[youtube] sIWl9yAC6eI: Downloading MPD manifest
[info] Writing video subtitles to: Raise the Roof _ Live Free or Die-sIWl9yAC6eI.en.vtt
[download] Downloading video 14 of 78
[youtube] PsjgT98MkoE: Downloading webpage
[youtube] PsjgT98MkoE: Downloading video info webpage
[youtube] PsjgT98MkoE: Extracting video information
[youtube] PsjgT98MkoE: Looking for automatic captions
[youtube] PsjgT98MkoE: Downloading MPD manifest
[info] Writing video subtitles to: Sharing is Caring _ Live Free or Die-PsjgT98MkoE.en.vtt
[download] Downloading video 15 of 78
[youtube] Y0w3QuJJ70s: Downloading webpage
[youtube] Y0w3QuJJ70s: Downloading video info webpage
[youtube] Y0w3QuJJ70s: Extracting video information
[youtube] Y0w3QuJJ70s: Looking for automatic captions
[youtube] Y0w3QuJJ70s: Downloading MPD manifest
[info] Writing video subtitles to: Growing Sweet Potatoes _ Live Free or Die - How to Homestead-Y0w3QuJJ70s.en.vtt
[download] Downloading video 16 of 78
[youtube] dH5Yb5FeZt4: Downloading webpage
[youtube] dH5Yb5FeZt4: Downloading video info webpage
[youtube] dH5Yb5FeZt4: Extracting video information
[youtube] dH5Yb5FeZt4: Looking for automatic captions
[youtube] dH5Yb5FeZt4: Downloading MPD manifest
[info] Writing video subtitles to: New Tools for Fishing _ Live Free or Die-dH5Yb5FeZt4.en.vtt
[download] Downloading video 17 of 78
[youtube] IZNB4J71Dck: Downloading webpage
[youtube] IZNB4J71Dck: Downloading video info webpage
[youtube] IZNB4J71Dck: Extracting video information
[youtube] IZNB4J71Dck: Looking for automatic captions
[youtube] IZNB4J71Dck: Downloading MPD manifest
[info] Writing video subtitles to: Keep on Trucking _ Live Free or Die-IZNB4J71Dck.en.vtt
[download] Downloading video 18 of 78
[youtube] dliQNFG__jg: Downloading webpage
[youtube] dliQNFG__jg: Downloading video info webpage
[youtube] dliQNFG__jg: Extracting video information
[youtube] dliQNFG__jg: Looking for automatic captions
[youtube] dliQNFG__jg: Downloading MPD manifest
[info] Writing video subtitles to: Treating Wounds _ Live Free or Die - How to Homestead-dliQNFG__jg.en.vtt
[download] Downloading video 19 of 78
[youtube] cEmPo6SG1xc: Downloading webpage
[youtube] cEmPo6SG1xc: Downloading video info webpage
[youtube] cEmPo6SG1xc: Extracting video information
[youtube] cEmPo6SG1xc: Looking for automatic captions
[youtube] cEmPo6SG1xc: Downloading MPD manifest
[info] Writing video subtitles to: Blacksmith for Barter _ Live Free or Die-cEmPo6SG1xc.en.vtt
[download] Downloading video 20 of 78
[youtube] JCqagcnuPcQ: Downloading webpage
[youtube] JCqagcnuPcQ: Downloading video info webpage
[youtube] JCqagcnuPcQ: Extracting video information
[youtube] JCqagcnuPcQ: Looking for automatic captions
[youtube] JCqagcnuPcQ: Downloading MPD manifest
[info] Writing video subtitles to: Making a Bow from Scratch _ Live Free or Die-JCqagcnuPcQ.en.vtt
[download] Downloading video 21 of 78
[youtube] wBgmyZRPvLY: Downloading webpage
[youtube] wBgmyZRPvLY: Downloading video info webpage
[youtube] wBgmyZRPvLY: Extracting video information
[youtube] wBgmyZRPvLY: Looking for automatic captions
[youtube] wBgmyZRPvLY: Downloading MPD manifest
[info] Writing video subtitles to: Beaver for Bolts _ Live Free or Die-wBgmyZRPvLY.en.vtt
[download] Downloading video 22 of 78
[youtube] MKtpMJyzwNM: Downloading webpage
[youtube] MKtpMJyzwNM: Downloading video info webpage
[youtube] MKtpMJyzwNM: Extracting video information
[youtube] MKtpMJyzwNM: Looking for automatic captions
[youtube] MKtpMJyzwNM: Downloading MPD manifest
[info] Writing video subtitles to: Getting Swarmy _ Live Free or Die-MKtpMJyzwNM.en.vtt
[download] Downloading video 23 of 78
[youtube] IOH2RblkdAg: Downloading webpage
[youtube] IOH2RblkdAg: Downloading video info webpage
[youtube] IOH2RblkdAg: Extracting video information
[youtube] IOH2RblkdAg: Looking for automatic captions
[youtube] IOH2RblkdAg: Downloading MPD manifest
[info] Writing video subtitles to: Making Custard _ Live Free or Die - How to Homestead-IOH2RblkdAg.en.vtt
[download] Downloading video 24 of 78
[youtube] ICw80xwMVWM: Downloading webpage
[youtube] ICw80xwMVWM: Downloading video info webpage
[youtube] ICw80xwMVWM: Extracting video information
[youtube] ICw80xwMVWM: Looking for automatic captions
[youtube] ICw80xwMVWM: Downloading MPD manifest
[info] Writing video subtitles to: Setting a Deadfall _ Live Free or Die-ICw80xwMVWM.en.vtt
[download] Downloading video 25 of 78
[youtube] DD7OkUAQb3U: Downloading webpage
[youtube] DD7OkUAQb3U: Downloading video info webpage
[youtube] DD7OkUAQb3U: Extracting video information
[youtube] DD7OkUAQb3U: Looking for automatic captions
[youtube] DD7OkUAQb3U: Downloading MPD manifest
[info] Writing video subtitles to: Mosquito Protection Plan _ Live Free or Die-DD7OkUAQb3U.en.vtt
[download] Downloading video 26 of 78
[youtube] XExJJ4lXqo0: Downloading webpage
[youtube] XExJJ4lXqo0: Downloading video info webpage
[youtube] XExJJ4lXqo0: Extracting video information
[youtube] XExJJ4lXqo0: Looking for automatic captions
[youtube] XExJJ4lXqo0: Downloading MPD manifest
[info] Writing video subtitles to: Get to Know Your Land _ Live Free or Die - How to Homestead-XExJJ4lXqo0.en.vtt
[download] Downloading video 27 of 78
[youtube] 5hRL5Y_WajA: Downloading webpage
[youtube] 5hRL5Y_WajA: Downloading video info webpage
[youtube] 5hRL5Y_WajA: Extracting video information
[youtube] 5hRL5Y_WajA: Looking for automatic captions
[youtube] 5hRL5Y_WajA: Downloading MPD manifest
[info] Writing video subtitles to: Mule Mayhem  Live Free or Die-5hRL5Y_WajA.en.vtt
[download] Downloading video 28 of 78
[youtube] CfXeSNXECMw: Downloading webpage
[youtube] CfXeSNXECMw: Downloading video info webpage
[youtube] CfXeSNXECMw: Extracting video information
[youtube] CfXeSNXECMw: Looking for automatic captions
[youtube] CfXeSNXECMw: Downloading MPD manifest
[info] Writing video subtitles to: Target Practice for Turkeys _ Live Free or Die-CfXeSNXECMw.en.vtt
[download] Downloading video 29 of 78
[youtube] a3lmXJiJTy0: Downloading webpage
[youtube] a3lmXJiJTy0: Downloading video info webpage
[youtube] a3lmXJiJTy0: Extracting video information
[youtube] a3lmXJiJTy0: Looking for automatic captions
[youtube] a3lmXJiJTy0: Downloading MPD manifest
[info] Writing video subtitles to: Crafting a Hunting Tool _ Live Free or Die-a3lmXJiJTy0.en.vtt
[download] Downloading video 30 of 78
[youtube] qvvVrUyXvR8: Downloading webpage
[youtube] qvvVrUyXvR8: Downloading video info webpage
[youtube] qvvVrUyXvR8: Extracting video information
[youtube] qvvVrUyXvR8: Looking for automatic captions
[youtube] qvvVrUyXvR8: Downloading MPD manifest
[info] Writing video subtitles to: Sharpening a Knife _ Live Free or Die - How to Homestead-qvvVrUyXvR8.en.vtt
[download] Downloading video 31 of 78
[youtube] 42C6AwRLhEg: Downloading webpage
[youtube] 42C6AwRLhEg: Downloading video info webpage
[youtube] 42C6AwRLhEg: Extracting video information
[youtube] 42C6AwRLhEg: Looking for automatic captions
[youtube] 42C6AwRLhEg: Downloading MPD manifest
[info] Writing video subtitles to: Camp for the Night _ Live Free or Die-42C6AwRLhEg.en.vtt
[download] Downloading video 32 of 78
[youtube] 1kEWq6V1DkY: Downloading webpage
[youtube] 1kEWq6V1DkY: Downloading video info webpage
[youtube] 1kEWq6V1DkY: Extracting video information
[youtube] 1kEWq6V1DkY: Looking for automatic captions
[youtube] 1kEWq6V1DkY: Downloading MPD manifest
[info] Writing video subtitles to: Drying Fruits and Vegetables _ Live Free or Die - How to Homestead-1kEWq6V1DkY.en.vtt
[download] Downloading video 33 of 78
[youtube] 7s7w51dXqe8: Downloading webpage
[youtube] 7s7w51dXqe8: Downloading video info webpage
[youtube] 7s7w51dXqe8: Extracting video information
[youtube] 7s7w51dXqe8: Looking for automatic captions
[youtube] 7s7w51dXqe8: Downloading MPD manifest
[info] Writing video subtitles to: Trip to Trap _ Live Free or Die-7s7w51dXqe8.en.vtt
[download] Downloading video 34 of 78
[youtube] yefFEjHAlLg: Downloading webpage
[youtube] yefFEjHAlLg: Downloading video info webpage
[youtube] yefFEjHAlLg: Extracting video information
[youtube] yefFEjHAlLg: Looking for automatic captions
[youtube] yefFEjHAlLg: Downloading MPD manifest
[info] Writing video subtitles to: Cooking up a Kitchen _ Live Free or Die-yefFEjHAlLg.en.vtt
[download] Downloading video 35 of 78
[youtube] zNmMIg186k0: Downloading webpage
[youtube] zNmMIg186k0: Downloading video info webpage
[youtube] zNmMIg186k0: Extracting video information
[youtube] zNmMIg186k0: Looking for automatic captions
[youtube] zNmMIg186k0: Downloading MPD manifest
[info] Writing video subtitles to: Preparing for Mules _ Live Free or Die-zNmMIg186k0.en.vtt
[download] Downloading video 36 of 78
[youtube] GiGlz_yH2is: Downloading webpage
[youtube] GiGlz_yH2is: Downloading video info webpage
[youtube] GiGlz_yH2is: Extracting video information
[youtube] GiGlz_yH2is: Looking for automatic captions
[youtube] GiGlz_yH2is: Downloading MPD manifest
[info] Writing video subtitles to: Gardening in Small Spaces _ Live Free or Die - How to Homestead-GiGlz_yH2is.en.vtt
[download] Downloading video 37 of 78
[youtube] O_JRrl2USlE: Downloading webpage
[youtube] O_JRrl2USlE: Downloading video info webpage
[youtube] O_JRrl2USlE: Extracting video information
[youtube] O_JRrl2USlE: Looking for automatic captions
[youtube] O_JRrl2USlE: Downloading MPD manifest
[info] Writing video subtitles to: Colbert's Life in the Swamp _ Live Free or Die-O_JRrl2USlE.en.vtt
[download] Downloading video 38 of 78
[youtube] Q9D2POiISwU: Downloading webpage
[youtube] Q9D2POiISwU: Downloading video info webpage
[youtube] Q9D2POiISwU: Extracting video information
[youtube] Q9D2POiISwU: Looking for automatic captions
[youtube] Q9D2POiISwU: Downloading MPD manifest
[info] Writing video subtitles to: How To Make Cordage _ Live Free or Die DIY-Q9D2POiISwU.en.vtt
[download] Downloading video 39 of 78
[youtube] 6VWfHRS9W84: Downloading webpage
[youtube] 6VWfHRS9W84: Downloading video info webpage
[youtube] 6VWfHRS9W84: Extracting video information
[youtube] 6VWfHRS9W84: Looking for automatic captions
[youtube] 6VWfHRS9W84: Downloading MPD manifest
[info] Writing video subtitles to: What Do You Miss the Most _ Live Free or Die Q&A-6VWfHRS9W84.en.vtt
[download] Downloading video 40 of 78
[youtube] RLb4KrAp7hM: Downloading webpage
[youtube] RLb4KrAp7hM: Downloading video info webpage
[youtube] RLb4KrAp7hM: Extracting video information
[youtube] RLb4KrAp7hM: Looking for automatic captions
