[youtube:playlist] PLivjPDlt6ApTjurXykShuUqp7LQcj9s8s: Downloading webpage
[download] Downloading playlist: Nature & Environment | National Geographic
[youtube:playlist] playlist Nature & Environment | National Geographic: Downloading 91 videos
[download] Downloading video 1 of 91
[youtube] nZh3Oi7d0q0: Downloading webpage
[youtube] nZh3Oi7d0q0: Downloading video info webpage
[youtube] nZh3Oi7d0q0: Extracting video information
[youtube] nZh3Oi7d0q0: Looking for automatic captions
[youtube] nZh3Oi7d0q0: Downloading MPD manifest
[info] Writing video subtitles to: See an Apocalyptic World Envisioned in Miniature _ Short Film Showcase-nZh3Oi7d0q0.en.vtt
[download] Downloading video 2 of 91
[youtube] cEnMlKWn2cM: Downloading webpage
[youtube] cEnMlKWn2cM: Downloading video info webpage
[youtube] cEnMlKWn2cM: Extracting video information
[youtube] cEnMlKWn2cM: Looking for automatic captions
[youtube] cEnMlKWn2cM: Downloading MPD manifest
[info] Writing video subtitles to: Why It’s So Hard to Fight Wildlife Crime _ Nat Geo Live-cEnMlKWn2cM.en.vtt
[download] Downloading video 3 of 91
[youtube] ywQcoRPL_Dw: Downloading webpage
[youtube] ywQcoRPL_Dw: Downloading video info webpage
[youtube] ywQcoRPL_Dw: Extracting video information
[youtube] ywQcoRPL_Dw: Looking for automatic captions
[youtube] ywQcoRPL_Dw: Downloading MPD manifest
[info] Writing video subtitles to: How Are National Park Trips Different From What They Used to Be _ National Geographic-ywQcoRPL_Dw.en.vtt
[download] Downloading video 4 of 91
[youtube] sio-7b4BA08: Downloading webpage
[youtube] sio-7b4BA08: Downloading video info webpage
[youtube] sio-7b4BA08: Extracting video information
[youtube] sio-7b4BA08: Looking for automatic captions
[youtube] sio-7b4BA08: Downloading MPD manifest
[info] Writing video subtitles to: How Finding Blue Whale Poop Changed My Life _ Nat Geo Live-sio-7b4BA08.en.vtt
[download] Downloading video 5 of 91
[youtube] pJOo5JPZWPI: Downloading webpage
[youtube] pJOo5JPZWPI: Downloading video info webpage
[youtube] pJOo5JPZWPI: Extracting video information
[youtube] pJOo5JPZWPI: Looking for automatic captions
[youtube] pJOo5JPZWPI: Downloading MPD manifest
[info] Writing video subtitles to: President Obama on Deep-Sea Diving and One Unimpressed Seal (Exclusive) _ National Geographic-pJOo5JPZWPI.en.vtt
[download] Downloading video 6 of 91
[youtube] D9xFFyUOpXo: Downloading webpage
[youtube] D9xFFyUOpXo: Downloading video info webpage
[youtube] D9xFFyUOpXo: Extracting video information
[youtube] D9xFFyUOpXo: Looking for automatic captions
[youtube] D9xFFyUOpXo: Downloading MPD manifest
[info] Writing video subtitles to: Before the Flood - Trailer _ National Geographic-D9xFFyUOpXo.en.vtt
[download] Downloading video 7 of 91
[youtube] VDA1vAbrAnQ: Downloading webpage
[youtube] VDA1vAbrAnQ: Downloading video info webpage
[youtube] VDA1vAbrAnQ: Extracting video information
[youtube] VDA1vAbrAnQ: Looking for automatic captions
[youtube] VDA1vAbrAnQ: Downloading MPD manifest
[info] Writing video subtitles to: How Would You Describe the Most Beautiful Places in America _ National Geographic-VDA1vAbrAnQ.en.vtt
[download] Downloading video 8 of 91
[youtube] 3iT6RUG8Eqs: Downloading webpage
[youtube] 3iT6RUG8Eqs: Downloading video info webpage
[youtube] 3iT6RUG8Eqs: Extracting video information
[youtube] 3iT6RUG8Eqs: Looking for automatic captions
[youtube] 3iT6RUG8Eqs: Downloading MPD manifest
[info] Writing video subtitles to: Practice Makes Perfect _ Live Free or Die-3iT6RUG8Eqs.en.vtt
[download] Downloading video 9 of 91
[youtube] 1NynNqhepCM: Downloading webpage
[youtube] 1NynNqhepCM: Downloading video info webpage
[youtube] 1NynNqhepCM: Extracting video information
[youtube] 1NynNqhepCM: Looking for automatic captions
[youtube] 1NynNqhepCM: Downloading MPD manifest
[info] Writing video subtitles to: How to Make a Friction Fire _ Live Free or Die - DIY-1NynNqhepCM.en.vtt
[download] Downloading video 10 of 91
[youtube] LbX_AUgtyQc: Downloading webpage
[youtube] LbX_AUgtyQc: Downloading video info webpage
[youtube] LbX_AUgtyQc: Extracting video information
[youtube] LbX_AUgtyQc: Looking for automatic captions
[youtube] LbX_AUgtyQc: Downloading MPD manifest
[info] Writing video subtitles to: Adorable Bear Cubs Crash Campsite _ Expedition Raw-LbX_AUgtyQc.en.vtt
[download] Downloading video 11 of 91
[youtube] wRm9s5V1U8g: Downloading webpage
[youtube] wRm9s5V1U8g: Downloading video info webpage
[youtube] wRm9s5V1U8g: Extracting video information
[youtube] wRm9s5V1U8g: Looking for automatic captions
[youtube] wRm9s5V1U8g: Downloading MPD manifest
[info] Writing video subtitles to: Fighting Wildlife Crime - 'Poaching Is Stealing From All of Us.' _ National Geographic-wRm9s5V1U8g.en.vtt
[download] Downloading video 12 of 91
[youtube] GnbonTBusgY: Downloading webpage
[youtube] GnbonTBusgY: Downloading video info webpage
[youtube] GnbonTBusgY: Extracting video information
[youtube] GnbonTBusgY: Looking for automatic captions
[youtube] GnbonTBusgY: Downloading MPD manifest
[info] Writing video subtitles to: Fighting Wildlife Crime - Rangers Face Serious Dangers _ National Geographic-GnbonTBusgY.en.vtt
[download] Downloading video 13 of 91
[youtube] UCZ-bsyg4l4: Downloading webpage
[youtube] UCZ-bsyg4l4: Downloading video info webpage
[youtube] UCZ-bsyg4l4: Extracting video information
[youtube] UCZ-bsyg4l4: Looking for automatic captions
[youtube] UCZ-bsyg4l4: Downloading MPD manifest
[info] Writing video subtitles to: Fighting Wildlife Crime - Communities Work to Turn Away Poachers _ National Geographic-UCZ-bsyg4l4.en.vtt
[download] Downloading video 14 of 91
[youtube] QFQLGxk0a-Q: Downloading webpage
[youtube] QFQLGxk0a-Q: Downloading video info webpage
[youtube] QFQLGxk0a-Q: Extracting video information
[youtube] QFQLGxk0a-Q: Looking for automatic captions
[youtube] QFQLGxk0a-Q: Downloading MPD manifest
[info] Writing video subtitles to: Fighting Wildlife Crime - 'There is Hope.' _ National Geographic-QFQLGxk0a-Q.en.vtt
[download] Downloading video 15 of 91
[youtube] 3XjfjxAnHmI: Downloading webpage
[youtube] 3XjfjxAnHmI: Downloading video info webpage
[youtube] 3XjfjxAnHmI: Extracting video information
[youtube] 3XjfjxAnHmI: Looking for automatic captions
[youtube] 3XjfjxAnHmI: Downloading MPD manifest
[info] Writing video subtitles to: A Steam Pit Celebration _ Live Free or Die-3XjfjxAnHmI.en.vtt
[download] Downloading video 16 of 91
[youtube] TfaNZ8O360s: Downloading webpage
[youtube] TfaNZ8O360s: Downloading video info webpage
[youtube] TfaNZ8O360s: Extracting video information
[youtube] TfaNZ8O360s: Looking for automatic captions
[youtube] TfaNZ8O360s: Downloading MPD manifest
[info] Writing video subtitles to: Fighting Wildlife Crime - The Unsung Heroes _ National Geographic-TfaNZ8O360s.en.vtt
[download] Downloading video 17 of 91
[youtube] oE8V4OahSQw: Downloading webpage
[youtube] oE8V4OahSQw: Downloading video info webpage
[youtube] oE8V4OahSQw: Extracting video information
[youtube] oE8V4OahSQw: Looking for automatic captions
[youtube] oE8V4OahSQw: Downloading MPD manifest
[info] Writing video subtitles to: Making a Baby Chick Waterer _ Live Free or Die - How to Homestead-oE8V4OahSQw.en.vtt
[download] Downloading video 18 of 91
[youtube] 0pd4ItjDans: Downloading webpage
[youtube] 0pd4ItjDans: Downloading video info webpage
[youtube] 0pd4ItjDans: Extracting video information
[youtube] 0pd4ItjDans: Looking for automatic captions
